<?xml version="1.0" encoding="UTF-8"?>
<robot generator="Robot 6.1.1 (Python 3.13.5 on win32)" generated="20251209 01:15:30.907" rpa="false" schemaversion="4">
<suite id="s1" name="Test" source="F:\TKH\Semester 1\Embedded System\Final Project\Test\Fully Automated\test.robot">
<kw name="Open Serial Connection" type="SETUP">
<kw name="Add Port" library="SerialLibrary">
<arg>${PORT}</arg>
<arg>baudrate=${BAUDRATE}</arg>
<arg>timeout=${TIMEOUT}</arg>
<doc>Adds new port with specified locator.</doc>
<status status="PASS" starttime="20251209 01:15:30.976" endtime="20251209 01:15:30.979"/>
</kw>
<kw name="Open Port" library="SerialLibrary">
<arg>${PORT}</arg>
<doc>Opens specified port.</doc>
<status status="PASS" starttime="20251209 01:15:30.979" endtime="20251209 01:15:30.979"/>
</kw>
<kw name="Flush Port" library="SerialLibrary">
<arg>${PORT}</arg>
<doc>Flush port so that all waiting data is processed.</doc>
<status status="PASS" starttime="20251209 01:15:30.979" endtime="20251209 01:15:30.979"/>
</kw>
<kw name="Log To Console" library="BuiltIn">
<arg>SUCCESSFULLY CONNECTED TO ${PORT}.</arg>
<doc>Logs the given message to the console.</doc>
<status status="PASS" starttime="20251209 01:15:30.979" endtime="20251209 01:15:30.979"/>
</kw>
<kw name="Log To Console" library="BuiltIn">
<arg>ACTION REQUIRED: Please perform a hardware reset on the device.</arg>
<doc>Logs the given message to the console.</doc>
<status status="PASS" starttime="20251209 01:15:30.979" endtime="20251209 01:15:30.980"/>
</kw>
<kw name="Sleep" library="BuiltIn">
<arg>2s</arg>
<doc>Pauses the test executed for the given time.</doc>
<msg timestamp="20251209 01:15:32.980" level="INFO">Slept 2 seconds</msg>
<status status="PASS" starttime="20251209 01:15:30.980" endtime="20251209 01:15:32.981"/>
</kw>
<status status="PASS" starttime="20251209 01:15:30.976" endtime="20251209 01:15:32.981"/>
</kw>
<test id="s1-t1" name="1 Verify System Initialization" line="60">
<kw name="Wait For UART">
<arg>SYS_READY</arg>
<kw name="Log To Console" library="BuiltIn">
<arg>... Waiting for response: "${expected_substring}" ...</arg>
<doc>Logs the given message to the console.</doc>
<status status="PASS" starttime="20251209 01:15:32.983" endtime="20251209 01:15:32.983"/>
</kw>
<kw name="Get Time" library="BuiltIn">
<var>${start_time}</var>
<arg>epoch</arg>
<doc>Returns the given time in the requested format.</doc>
<msg timestamp="20251209 01:15:32.984" level="INFO">${start_time} = 1765235732</msg>
<status status="PASS" starttime="20251209 01:15:32.984" endtime="20251209 01:15:32.984"/>
</kw>
<while condition="True">
<iter>
<kw name="Get Time" library="BuiltIn">
<var>${current_time}</var>
<arg>epoch</arg>
<doc>Returns the given time in the requested format.</doc>
<msg timestamp="20251209 01:15:32.985" level="INFO">${current_time} = 1765235732</msg>
<status status="PASS" starttime="20251209 01:15:32.985" endtime="20251209 01:15:32.986"/>
</kw>
<kw name="Evaluate" library="BuiltIn">
<var>${elapsed}</var>
<arg>${current_time} - ${start_time}</arg>
<doc>Evaluates the given expression in Python and returns the result.</doc>
<msg timestamp="20251209 01:15:32.986" level="INFO">${elapsed} = 0</msg>
<status status="PASS" starttime="20251209 01:15:32.986" endtime="20251209 01:15:32.986"/>
</kw>
<if>
<branch type="IF" condition="${elapsed} &gt; ${loop_timeout}">
<kw name="Fail" library="BuiltIn">
<arg>Timeout waiting for message: '${expected_substring}'</arg>
<doc>Fails the test with the given message and optionally alters its tags.</doc>
<status status="NOT RUN" starttime="20251209 01:15:32.987" endtime="20251209 01:15:32.987"/>
</kw>
<status status="NOT RUN" starttime="20251209 01:15:32.986" endtime="20251209 01:15:32.987"/>
</branch>
<status status="PASS" starttime="20251209 01:15:32.986" endtime="20251209 01:15:32.987"/>
</if>
<kw name="Read Until" library="SerialLibrary">
<var>${line}</var>
<arg>${NEWLINE}</arg>
<doc>Read until a termination sequence is found, size exceeded or timeout.</doc>
<msg timestamp="20251209 01:15:32.988" level="INFO">${line} = SYS_READY
</msg>
<status status="PASS" starttime="20251209 01:15:32.987" endtime="20251209 01:15:32.988"/>
</kw>
<kw name="Run Keyword And Return Status" library="BuiltIn">
<var>${contains}</var>
<arg>Should Contain</arg>
<arg>${line}</arg>
<arg>${expected_substring}</arg>
<doc>Runs the given keyword with given arguments and returns the status as a Boolean value.</doc>
<kw name="Should Contain" library="BuiltIn">
<arg>${line}</arg>
<arg>${expected_substring}</arg>
<doc>Fails if ``container`` does not contain ``item`` one or more times.</doc>
<status status="PASS" starttime="20251209 01:15:32.988" endtime="20251209 01:15:32.988"/>
</kw>
<msg timestamp="20251209 01:15:32.989" level="INFO">${contains} = True</msg>
<status status="PASS" starttime="20251209 01:15:32.988" endtime="20251209 01:15:32.989"/>
</kw>
<if>
<branch type="IF" condition="${contains}">
<kw name="Log To Console" library="BuiltIn">
<arg>&lt;&lt; Match Found: ${line}</arg>
<doc>Logs the given message to the console.</doc>
<status status="PASS" starttime="20251209 01:15:32.989" endtime="20251209 01:15:32.989"/>
</kw>
<return>
<status status="PASS" starttime="20251209 01:15:32.990" endtime="20251209 01:15:32.990"/>
</return>
<status status="PASS" starttime="20251209 01:15:32.989" endtime="20251209 01:15:32.990"/>
</branch>
<status status="PASS" starttime="20251209 01:15:32.989" endtime="20251209 01:15:32.990"/>
</if>
<status status="PASS" starttime="20251209 01:15:32.985" endtime="20251209 01:15:32.990"/>
</iter>
<status status="PASS" starttime="20251209 01:15:32.985" endtime="20251209 01:15:32.990"/>
</while>
<status status="PASS" starttime="20251209 01:15:32.982" endtime="20251209 01:15:32.990"/>
</kw>
<status status="PASS" starttime="20251209 01:15:32.981" endtime="20251209 01:15:32.990"/>
</test>
<test id="s1-t2" name="2 Verify Auth Menu Display" line="63">
<kw name="Wait For UART">
<arg>MENU: AUTH</arg>
<kw name="Log To Console" library="BuiltIn">
<arg>... Waiting for response: "${expected_substring}" ...</arg>
<doc>Logs the given message to the console.</doc>
<status status="PASS" starttime="20251209 01:15:32.992" endtime="20251209 01:15:32.993"/>
</kw>
<kw name="Get Time" library="BuiltIn">
<var>${start_time}</var>
<arg>epoch</arg>
<doc>Returns the given time in the requested format.</doc>
<msg timestamp="20251209 01:15:32.993" level="INFO">${start_time} = 1765235732</msg>
<status status="PASS" starttime="20251209 01:15:32.993" endtime="20251209 01:15:32.993"/>
</kw>
<while condition="True">
<iter>
<kw name="Get Time" library="BuiltIn">
<var>${current_time}</var>
<arg>epoch</arg>
<doc>Returns the given time in the requested format.</doc>
<msg timestamp="20251209 01:15:32.994" level="INFO">${current_time} = 1765235732</msg>
<status status="PASS" starttime="20251209 01:15:32.994" endtime="20251209 01:15:32.994"/>
</kw>
<kw name="Evaluate" library="BuiltIn">
<var>${elapsed}</var>
<arg>${current_time} - ${start_time}</arg>
<doc>Evaluates the given expression in Python and returns the result.</doc>
<msg timestamp="20251209 01:15:32.994" level="INFO">${elapsed} = 0</msg>
<status status="PASS" starttime="20251209 01:15:32.994" endtime="20251209 01:15:32.994"/>
</kw>
<if>
<branch type="IF" condition="${elapsed} &gt; ${loop_timeout}">
<kw name="Fail" library="BuiltIn">
<arg>Timeout waiting for message: '${expected_substring}'</arg>
<doc>Fails the test with the given message and optionally alters its tags.</doc>
<status status="NOT RUN" starttime="20251209 01:15:32.995" endtime="20251209 01:15:32.995"/>
</kw>
<status status="NOT RUN" starttime="20251209 01:15:32.995" endtime="20251209 01:15:32.995"/>
</branch>
<status status="PASS" starttime="20251209 01:15:32.994" endtime="20251209 01:15:32.995"/>
</if>
<kw name="Read Until" library="SerialLibrary">
<var>${line}</var>
<arg>${NEWLINE}</arg>
<doc>Read until a termination sequence is found, size exceeded or timeout.</doc>
<msg timestamp="20251209 01:15:32.996" level="INFO">${line} = MENU: AUTH
</msg>
<status status="PASS" starttime="20251209 01:15:32.995" endtime="20251209 01:15:32.996"/>
</kw>
<kw name="Run Keyword And Return Status" library="BuiltIn">
<var>${contains}</var>
<arg>Should Contain</arg>
<arg>${line}</arg>
<arg>${expected_substring}</arg>
<doc>Runs the given keyword with given arguments and returns the status as a Boolean value.</doc>
<kw name="Should Contain" library="BuiltIn">
<arg>${line}</arg>
<arg>${expected_substring}</arg>
<doc>Fails if ``container`` does not contain ``item`` one or more times.</doc>
<status status="PASS" starttime="20251209 01:15:32.997" endtime="20251209 01:15:32.997"/>
</kw>
<msg timestamp="20251209 01:15:32.997" level="INFO">${contains} = True</msg>
<status status="PASS" starttime="20251209 01:15:32.996" endtime="20251209 01:15:32.997"/>
</kw>
<if>
<branch type="IF" condition="${contains}">
<kw name="Log To Console" library="BuiltIn">
<arg>&lt;&lt; Match Found: ${line}</arg>
<doc>Logs the given message to the console.</doc>
<status status="PASS" starttime="20251209 01:15:32.997" endtime="20251209 01:15:32.998"/>
</kw>
<return>
<status status="PASS" starttime="20251209 01:15:32.998" endtime="20251209 01:15:32.998"/>
</return>
<status status="PASS" starttime="20251209 01:15:32.997" endtime="20251209 01:15:32.998"/>
</branch>
<status status="PASS" starttime="20251209 01:15:32.997" endtime="20251209 01:15:32.999"/>
</if>
<status status="PASS" starttime="20251209 01:15:32.993" endtime="20251209 01:15:32.999"/>
</iter>
<status status="PASS" starttime="20251209 01:15:32.993" endtime="20251209 01:15:32.999"/>
</while>
<status status="PASS" starttime="20251209 01:15:32.992" endtime="20251209 01:15:32.999"/>
</kw>
<status status="PASS" starttime="20251209 01:15:32.991" endtime="20251209 01:15:32.999"/>
</test>
<test id="s1-t3" name="3 Auth Menu - Navigate Down" line="66">
<kw name="Prompt User">
<arg>Please press the DOWN button.</arg>
<kw name="Log To Console" library="BuiltIn">
<arg>\n[USER ACTION]: ${instruction}</arg>
<doc>Logs the given message to the console.</doc>
<status status="PASS" starttime="20251209 01:15:33.002" endtime="20251209 01:15:33.003"/>
</kw>
<status status="PASS" starttime="20251209 01:15:33.002" endtime="20251209 01:15:33.003"/>
</kw>
<kw name="Wait For UART">
<arg>EVENT: DOWN_BTN</arg>
<kw name="Log To Console" library="BuiltIn">
<arg>... Waiting for response: "${expected_substring}" ...</arg>
<doc>Logs the given message to the console.</doc>
<status status="PASS" starttime="20251209 01:15:33.005" endtime="20251209 01:15:33.006"/>
</kw>
<kw name="Get Time" library="BuiltIn">
<var>${start_time}</var>
<arg>epoch</arg>
<doc>Returns the given time in the requested format.</doc>
<msg timestamp="20251209 01:15:33.007" level="INFO">${start_time} = 1765235733</msg>
<status status="PASS" starttime="20251209 01:15:33.006" endtime="20251209 01:15:33.007"/>
</kw>
<while condition="True">
<iter>
<kw name="Get Time" library="BuiltIn">
<var>${current_time}</var>
<arg>epoch</arg>
<doc>Returns the given time in the requested format.</doc>
<msg timestamp="20251209 01:15:33.008" level="INFO">${current_time} = 1765235733</msg>
<status status="PASS" starttime="20251209 01:15:33.008" endtime="20251209 01:15:33.008"/>
</kw>
<kw name="Evaluate" library="BuiltIn">
<var>${elapsed}</var>
<arg>${current_time} - ${start_time}</arg>
<doc>Evaluates the given expression in Python and returns the result.</doc>
<msg timestamp="20251209 01:15:33.010" level="INFO">${elapsed} = 0</msg>
<status status="PASS" starttime="20251209 01:15:33.009" endtime="20251209 01:15:33.010"/>
</kw>
<if>
<branch type="IF" condition="${elapsed} &gt; ${loop_timeout}">
<kw name="Fail" library="BuiltIn">
<arg>Timeout waiting for message: '${expected_substring}'</arg>
<doc>Fails the test with the given message and optionally alters its tags.</doc>
<status status="NOT RUN" starttime="20251209 01:15:33.011" endtime="20251209 01:15:33.011"/>
</kw>
<status status="NOT RUN" starttime="20251209 01:15:33.010" endtime="20251209 01:15:33.011"/>
</branch>
<status status="PASS" starttime="20251209 01:15:33.010" endtime="20251209 01:15:33.011"/>
</if>
<kw name="Read Until" library="SerialLibrary">
<var>${line}</var>
<arg>${NEWLINE}</arg>
<doc>Read until a termination sequence is found, size exceeded or timeout.</doc>
<msg timestamp="20251209 01:15:33.027" level="INFO">${line} = </msg>
<status status="PASS" starttime="20251209 01:15:33.011" endtime="20251209 01:15:33.027"/>
</kw>
<kw name="Run Keyword And Return Status" library="BuiltIn">
<var>${contains}</var>
<arg>Should Contain</arg>
<arg>${line}</arg>
<arg>${expected_substring}</arg>
<doc>Runs the given keyword with given arguments and returns the status as a Boolean value.</doc>
<kw name="Should Contain" library="BuiltIn">
<arg>${line}</arg>
<arg>${expected_substring}</arg>
<doc>Fails if ``container`` does not contain ``item`` one or more times.</doc>
<msg timestamp="20251209 01:15:33.029" level="FAIL">'' does not contain 'EVENT: DOWN_BTN'</msg>
<status status="FAIL" starttime="20251209 01:15:33.028" endtime="20251209 01:15:33.029"/>
</kw>
<msg timestamp="20251209 01:15:33.029" level="INFO">${contains} = False</msg>
<status status="PASS" starttime="20251209 01:15:33.028" endtime="20251209 01:15:33.029"/>
</kw>
<if>
<branch type="IF" condition="${contains}">
<kw name="Log To Console" library="BuiltIn">
<arg>&lt;&lt; Match Found: ${line}</arg>
<doc>Logs the given message to the console.</doc>
<status status="NOT RUN" starttime="20251209 01:15:33.030" endtime="20251209 01:15:33.030"/>
</kw>
<return>
<status status="NOT RUN" starttime="20251209 01:15:33.030" endtime="20251209 01:15:33.030"/>
</return>
<status status="NOT RUN" starttime="20251209 01:15:33.029" endtime="20251209 01:15:33.030"/>
</branch>
<status status="PASS" starttime="20251209 01:15:33.029" endtime="20251209 01:15:33.030"/>
</if>
<status status="PASS" starttime="20251209 01:15:33.007" endtime="20251209 01:15:33.030"/>
</iter>
<iter>
<kw name="Get Time" library="BuiltIn">
<var>${current_time}</var>
<arg>epoch</arg>
<doc>Returns the given time in the requested format.</doc>
<msg timestamp="20251209 01:15:33.031" level="INFO">${current_time} = 1765235733</msg>
<status status="PASS" starttime="20251209 01:15:33.031" endtime="20251209 01:15:33.031"/>
</kw>
<kw name="Evaluate" library="BuiltIn">
<var>${elapsed}</var>
<arg>${current_time} - ${start_time}</arg>
<doc>Evaluates the given expression in Python and returns the result.</doc>
<msg timestamp="20251209 01:15:33.032" level="INFO">${elapsed} = 0</msg>
<status status="PASS" starttime="20251209 01:15:33.031" endtime="20251209 01:15:33.032"/>
</kw>
<if>
<branch type="IF" condition="${elapsed} &gt; ${loop_timeout}">
<kw name="Fail" library="BuiltIn">
<arg>Timeout waiting for message: '${expected_substring}'</arg>
<doc>Fails the test with the given message and optionally alters its tags.</doc>
<status status="NOT RUN" starttime="20251209 01:15:33.032" endtime="20251209 01:15:33.032"/>
</kw>
<status status="NOT RUN" starttime="20251209 01:15:33.032" endtime="20251209 01:15:33.032"/>
</branch>
<status status="PASS" starttime="20251209 01:15:33.032" endtime="20251209 01:15:33.032"/>
</if>
<kw name="Read Until" library="SerialLibrary">
<var>${line}</var>
<arg>${NEWLINE}</arg>
<doc>Read until a termination sequence is found, size exceeded or timeout.</doc>
<msg timestamp="20251209 01:15:35.184" level="INFO">${line} = EVENT: DOWN_BTN
</msg>
<status status="PASS" starttime="20251209 01:15:33.033" endtime="20251209 01:15:35.184"/>
</kw>
<kw name="Run Keyword And Return Status" library="BuiltIn">
<var>${contains}</var>
<arg>Should Contain</arg>
<arg>${line}</arg>
<arg>${expected_substring}</arg>
<doc>Runs the given keyword with given arguments and returns the status as a Boolean value.</doc>
<kw name="Should Contain" library="BuiltIn">
<arg>${line}</arg>
<arg>${expected_substring}</arg>
<doc>Fails if ``container`` does not contain ``item`` one or more times.</doc>
<status status="PASS" starttime="20251209 01:15:35.185" endtime="20251209 01:15:35.185"/>
</kw>
<msg timestamp="20251209 01:15:35.185" level="INFO">${contains} = True</msg>
<status status="PASS" starttime="20251209 01:15:35.184" endtime="20251209 01:15:35.185"/>
</kw>
<if>
<branch type="IF" condition="${contains}">
<kw name="Log To Console" library="BuiltIn">
<arg>&lt;&lt; Match Found: ${line}</arg>
<doc>Logs the given message to the console.</doc>
<status status="PASS" starttime="20251209 01:15:35.186" endtime="20251209 01:15:35.186"/>
</kw>
<return>
<status status="PASS" starttime="20251209 01:15:35.186" endtime="20251209 01:15:35.187"/>
</return>
<status status="PASS" starttime="20251209 01:15:35.185" endtime="20251209 01:15:35.187"/>
</branch>
<status status="PASS" starttime="20251209 01:15:35.185" endtime="20251209 01:15:35.187"/>
</if>
<status status="PASS" starttime="20251209 01:15:33.030" endtime="20251209 01:15:35.187"/>
</iter>
<status status="PASS" starttime="20251209 01:15:33.007" endtime="20251209 01:15:35.187"/>
</while>
<status status="PASS" starttime="20251209 01:15:33.004" endtime="20251209 01:15:35.187"/>
</kw>
<status status="PASS" starttime="20251209 01:15:33.001" endtime="20251209 01:15:35.188"/>
</test>
<test id="s1-t4" name="4 Auth Menu - Navigate Up" line="70">
<kw name="Prompt User">
<arg>Please press the UP button.</arg>
<kw name="Log To Console" library="BuiltIn">
<arg>\n[USER ACTION]: ${instruction}</arg>
<doc>Logs the given message to the console.</doc>
<status status="PASS" starttime="20251209 01:15:35.191" endtime="20251209 01:15:35.192"/>
</kw>
<status status="PASS" starttime="20251209 01:15:35.191" endtime="20251209 01:15:35.192"/>
</kw>
<kw name="Wait For UART">
<arg>EVENT: UP_BTN</arg>
<kw name="Log To Console" library="BuiltIn">
<arg>... Waiting for response: "${expected_substring}" ...</arg>
<doc>Logs the given message to the console.</doc>
<status status="PASS" starttime="20251209 01:15:35.193" endtime="20251209 01:15:35.194"/>
</kw>
<kw name="Get Time" library="BuiltIn">
<var>${start_time}</var>
<arg>epoch</arg>
<doc>Returns the given time in the requested format.</doc>
<msg timestamp="20251209 01:15:35.195" level="INFO">${start_time} = 1765235735</msg>
<status status="PASS" starttime="20251209 01:15:35.194" endtime="20251209 01:15:35.195"/>
</kw>
<while condition="True">
<iter>
<kw name="Get Time" library="BuiltIn">
<var>${current_time}</var>
<arg>epoch</arg>
<doc>Returns the given time in the requested format.</doc>
<msg timestamp="20251209 01:15:35.196" level="INFO">${current_time} = 1765235735</msg>
<status status="PASS" starttime="20251209 01:15:35.195" endtime="20251209 01:15:35.196"/>
</kw>
<kw name="Evaluate" library="BuiltIn">
<var>${elapsed}</var>
<arg>${current_time} - ${start_time}</arg>
<doc>Evaluates the given expression in Python and returns the result.</doc>
<msg timestamp="20251209 01:15:35.197" level="INFO">${elapsed} = 0</msg>
<status status="PASS" starttime="20251209 01:15:35.196" endtime="20251209 01:15:35.197"/>
</kw>
<if>
<branch type="IF" condition="${elapsed} &gt; ${loop_timeout}">
<kw name="Fail" library="BuiltIn">
<arg>Timeout waiting for message: '${expected_substring}'</arg>
<doc>Fails the test with the given message and optionally alters its tags.</doc>
<status status="NOT RUN" starttime="20251209 01:15:35.197" endtime="20251209 01:15:35.198"/>
</kw>
<status status="NOT RUN" starttime="20251209 01:15:35.197" endtime="20251209 01:15:35.198"/>
</branch>
<status status="PASS" starttime="20251209 01:15:35.197" endtime="20251209 01:15:35.198"/>
</if>
<kw name="Read Until" library="SerialLibrary">
<var>${line}</var>
<arg>${NEWLINE}</arg>
<doc>Read until a termination sequence is found, size exceeded or timeout.</doc>
<msg timestamp="20251209 01:15:35.211" level="INFO">${line} = </msg>
<status status="PASS" starttime="20251209 01:15:35.198" endtime="20251209 01:15:35.211"/>
</kw>
<kw name="Run Keyword And Return Status" library="BuiltIn">
<var>${contains}</var>
<arg>Should Contain</arg>
<arg>${line}</arg>
<arg>${expected_substring}</arg>
<doc>Runs the given keyword with given arguments and returns the status as a Boolean value.</doc>
<kw name="Should Contain" library="BuiltIn">
<arg>${line}</arg>
<arg>${expected_substring}</arg>
<doc>Fails if ``container`` does not contain ``item`` one or more times.</doc>
<msg timestamp="20251209 01:15:35.213" level="FAIL">'' does not contain 'EVENT: UP_BTN'</msg>
<status status="FAIL" starttime="20251209 01:15:35.212" endtime="20251209 01:15:35.213"/>
</kw>
<msg timestamp="20251209 01:15:35.213" level="INFO">${contains} = False</msg>
<status status="PASS" starttime="20251209 01:15:35.211" endtime="20251209 01:15:35.213"/>
</kw>
<if>
<branch type="IF" condition="${contains}">
<kw name="Log To Console" library="BuiltIn">
<arg>&lt;&lt; Match Found: ${line}</arg>
<doc>Logs the given message to the console.</doc>
<status status="NOT RUN" starttime="20251209 01:15:35.214" endtime="20251209 01:15:35.214"/>
</kw>
<return>
<status status="NOT RUN" starttime="20251209 01:15:35.214" endtime="20251209 01:15:35.214"/>
</return>
<status status="NOT RUN" starttime="20251209 01:15:35.213" endtime="20251209 01:15:35.214"/>
</branch>
<status status="PASS" starttime="20251209 01:15:35.213" endtime="20251209 01:15:35.214"/>
</if>
<status status="PASS" starttime="20251209 01:15:35.195" endtime="20251209 01:15:35.214"/>
</iter>
<iter>
<kw name="Get Time" library="BuiltIn">
<var>${current_time}</var>
<arg>epoch</arg>
<doc>Returns the given time in the requested format.</doc>
<msg timestamp="20251209 01:15:35.215" level="INFO">${current_time} = 1765235735</msg>
<status status="PASS" starttime="20251209 01:15:35.215" endtime="20251209 01:15:35.215"/>
</kw>
<kw name="Evaluate" library="BuiltIn">
<var>${elapsed}</var>
<arg>${current_time} - ${start_time}</arg>
<doc>Evaluates the given expression in Python and returns the result.</doc>
<msg timestamp="20251209 01:15:35.216" level="INFO">${elapsed} = 0</msg>
<status status="PASS" starttime="20251209 01:15:35.216" endtime="20251209 01:15:35.216"/>
</kw>
<if>
<branch type="IF" condition="${elapsed} &gt; ${loop_timeout}">
<kw name="Fail" library="BuiltIn">
<arg>Timeout waiting for message: '${expected_substring}'</arg>
<doc>Fails the test with the given message and optionally alters its tags.</doc>
<status status="NOT RUN" starttime="20251209 01:15:35.217" endtime="20251209 01:15:35.217"/>
</kw>
<status status="NOT RUN" starttime="20251209 01:15:35.216" endtime="20251209 01:15:35.217"/>
</branch>
<status status="PASS" starttime="20251209 01:15:35.216" endtime="20251209 01:15:35.217"/>
</if>
<kw name="Read Until" library="SerialLibrary">
<var>${line}</var>
<arg>${NEWLINE}</arg>
<doc>Read until a termination sequence is found, size exceeded or timeout.</doc>
<msg timestamp="20251209 01:15:35.905" level="INFO">${line} = EVENT: UP_BTN
</msg>
<status status="PASS" starttime="20251209 01:15:35.217" endtime="20251209 01:15:35.905"/>
</kw>
<kw name="Run Keyword And Return Status" library="BuiltIn">
<var>${contains}</var>
<arg>Should Contain</arg>
<arg>${line}</arg>
<arg>${expected_substring}</arg>
<doc>Runs the given keyword with given arguments and returns the status as a Boolean value.</doc>
<kw name="Should Contain" library="BuiltIn">
<arg>${line}</arg>
<arg>${expected_substring}</arg>
<doc>Fails if ``container`` does not contain ``item`` one or more times.</doc>
<status status="PASS" starttime="20251209 01:15:35.906" endtime="20251209 01:15:35.914"/>
</kw>
<msg timestamp="20251209 01:15:35.914" level="INFO">${contains} = True</msg>
<status status="PASS" starttime="20251209 01:15:35.905" endtime="20251209 01:15:35.915"/>
</kw>
<if>
<branch type="IF" condition="${contains}">
<kw name="Log To Console" library="BuiltIn">
<arg>&lt;&lt; Match Found: ${line}</arg>
<doc>Logs the given message to the console.</doc>
<status status="PASS" starttime="20251209 01:15:35.915" endtime="20251209 01:15:35.916"/>
</kw>
<return>
<status status="PASS" starttime="20251209 01:15:35.916" endtime="20251209 01:15:35.916"/>
</return>
<status status="PASS" starttime="20251209 01:15:35.915" endtime="20251209 01:15:35.916"/>
</branch>
<status status="PASS" starttime="20251209 01:15:35.915" endtime="20251209 01:15:35.917"/>
</if>
<status status="PASS" starttime="20251209 01:15:35.214" endtime="20251209 01:15:35.917"/>
</iter>
<status status="PASS" starttime="20251209 01:15:35.195" endtime="20251209 01:15:35.917"/>
</while>
<status status="PASS" starttime="20251209 01:15:35.192" endtime="20251209 01:15:35.917"/>
</kw>
<status status="PASS" starttime="20251209 01:15:35.190" endtime="20251209 01:15:35.918"/>
</test>
<test id="s1-t5" name="5 Select Face Recognition Mode" line="74">
<kw name="Prompt User">
<arg>Please select the 'Face Detection' option.</arg>
<kw name="Log To Console" library="BuiltIn">
<arg>\n[USER ACTION]: ${instruction}</arg>
<doc>Logs the given message to the console.</doc>
<status status="PASS" starttime="20251209 01:15:35.920" endtime="20251209 01:15:35.921"/>
</kw>
<status status="PASS" starttime="20251209 01:15:35.919" endtime="20251209 01:15:35.921"/>
</kw>
<kw name="Wait For UART">
<arg>EVENT: SELECT_BTN</arg>
<kw name="Log To Console" library="BuiltIn">
<arg>... Waiting for response: "${expected_substring}" ...</arg>
<doc>Logs the given message to the console.</doc>
<status status="PASS" starttime="20251209 01:15:35.923" endtime="20251209 01:15:35.923"/>
</kw>
<kw name="Get Time" library="BuiltIn">
<var>${start_time}</var>
<arg>epoch</arg>
<doc>Returns the given time in the requested format.</doc>
<msg timestamp="20251209 01:15:35.924" level="INFO">${start_time} = 1765235735</msg>
<status status="PASS" starttime="20251209 01:15:35.924" endtime="20251209 01:15:35.924"/>
</kw>
<while condition="True">
<iter>
<kw name="Get Time" library="BuiltIn">
<var>${current_time}</var>
<arg>epoch</arg>
<doc>Returns the given time in the requested format.</doc>
<msg timestamp="20251209 01:15:35.926" level="INFO">${current_time} = 1765235735</msg>
<status status="PASS" starttime="20251209 01:15:35.925" endtime="20251209 01:15:35.926"/>
</kw>
<kw name="Evaluate" library="BuiltIn">
<var>${elapsed}</var>
<arg>${current_time} - ${start_time}</arg>
<doc>Evaluates the given expression in Python and returns the result.</doc>
<msg timestamp="20251209 01:15:35.926" level="INFO">${elapsed} = 0</msg>
<status status="PASS" starttime="20251209 01:15:35.926" endtime="20251209 01:15:35.926"/>
</kw>
<if>
<branch type="IF" condition="${elapsed} &gt; ${loop_timeout}">
<kw name="Fail" library="BuiltIn">
<arg>Timeout waiting for message: '${expected_substring}'</arg>
<doc>Fails the test with the given message and optionally alters its tags.</doc>
<status status="NOT RUN" starttime="20251209 01:15:35.927" endtime="20251209 01:15:35.927"/>
</kw>
<status status="NOT RUN" starttime="20251209 01:15:35.927" endtime="20251209 01:15:35.927"/>
</branch>
<status status="PASS" starttime="20251209 01:15:35.926" endtime="20251209 01:15:35.927"/>
</if>
<kw name="Read Until" library="SerialLibrary">
<var>${line}</var>
<arg>${NEWLINE}</arg>
<doc>Read until a termination sequence is found, size exceeded or timeout.</doc>
<msg timestamp="20251209 01:15:35.944" level="INFO">${line} = </msg>
<status status="PASS" starttime="20251209 01:15:35.927" endtime="20251209 01:15:35.944"/>
</kw>
<kw name="Run Keyword And Return Status" library="BuiltIn">
<var>${contains}</var>
<arg>Should Contain</arg>
<arg>${line}</arg>
<arg>${expected_substring}</arg>
<doc>Runs the given keyword with given arguments and returns the status as a Boolean value.</doc>
<kw name="Should Contain" library="BuiltIn">
<arg>${line}</arg>
<arg>${expected_substring}</arg>
<doc>Fails if ``container`` does not contain ``item`` one or more times.</doc>
<msg timestamp="20251209 01:15:35.946" level="FAIL">'' does not contain 'EVENT: SELECT_BTN'</msg>
<status status="FAIL" starttime="20251209 01:15:35.945" endtime="20251209 01:15:35.947"/>
</kw>
<msg timestamp="20251209 01:15:35.947" level="INFO">${contains} = False</msg>
<status status="PASS" starttime="20251209 01:15:35.944" endtime="20251209 01:15:35.947"/>
</kw>
<if>
<branch type="IF" condition="${contains}">
<kw name="Log To Console" library="BuiltIn">
<arg>&lt;&lt; Match Found: ${line}</arg>
<doc>Logs the given message to the console.</doc>
<status status="NOT RUN" starttime="20251209 01:15:35.947" endtime="20251209 01:15:35.947"/>
</kw>
<return>
<status status="NOT RUN" starttime="20251209 01:15:35.947" endtime="20251209 01:15:35.947"/>
</return>
<status status="NOT RUN" starttime="20251209 01:15:35.947" endtime="20251209 01:15:35.947"/>
</branch>
<status status="PASS" starttime="20251209 01:15:35.947" endtime="20251209 01:15:35.947"/>
</if>
<status status="PASS" starttime="20251209 01:15:35.924" endtime="20251209 01:15:35.948"/>
</iter>
<iter>
<kw name="Get Time" library="BuiltIn">
<var>${current_time}</var>
<arg>epoch</arg>
<doc>Returns the given time in the requested format.</doc>
<msg timestamp="20251209 01:15:35.948" level="INFO">${current_time} = 1765235735</msg>
<status status="PASS" starttime="20251209 01:15:35.948" endtime="20251209 01:15:35.948"/>
</kw>
<kw name="Evaluate" library="BuiltIn">
<var>${elapsed}</var>
<arg>${current_time} - ${start_time}</arg>
<doc>Evaluates the given expression in Python and returns the result.</doc>
<msg timestamp="20251209 01:15:35.949" level="INFO">${elapsed} = 0</msg>
<status status="PASS" starttime="20251209 01:15:35.948" endtime="20251209 01:15:35.949"/>
</kw>
<if>
<branch type="IF" condition="${elapsed} &gt; ${loop_timeout}">
<kw name="Fail" library="BuiltIn">
<arg>Timeout waiting for message: '${expected_substring}'</arg>
<doc>Fails the test with the given message and optionally alters its tags.</doc>
<status status="NOT RUN" starttime="20251209 01:15:35.949" endtime="20251209 01:15:35.949"/>
</kw>
<status status="NOT RUN" starttime="20251209 01:15:35.949" endtime="20251209 01:15:35.949"/>
</branch>
<status status="PASS" starttime="20251209 01:15:35.949" endtime="20251209 01:15:35.949"/>
</if>
<kw name="Read Until" library="SerialLibrary">
<var>${line}</var>
<arg>${NEWLINE}</arg>
<doc>Read until a termination sequence is found, size exceeded or timeout.</doc>
<msg timestamp="20251209 01:15:39.296" level="INFO">${line} = EVENT: SELECT_BTN
</msg>
<status status="PASS" starttime="20251209 01:15:35.950" endtime="20251209 01:15:39.296"/>
</kw>
<kw name="Run Keyword And Return Status" library="BuiltIn">
<var>${contains}</var>
<arg>Should Contain</arg>
<arg>${line}</arg>
<arg>${expected_substring}</arg>
<doc>Runs the given keyword with given arguments and returns the status as a Boolean value.</doc>
<kw name="Should Contain" library="BuiltIn">
<arg>${line}</arg>
<arg>${expected_substring}</arg>
<doc>Fails if ``container`` does not contain ``item`` one or more times.</doc>
<status status="PASS" starttime="20251209 01:15:39.296" endtime="20251209 01:15:39.297"/>
</kw>
<msg timestamp="20251209 01:15:39.297" level="INFO">${contains} = True</msg>
<status status="PASS" starttime="20251209 01:15:39.296" endtime="20251209 01:15:39.297"/>
</kw>
<if>
<branch type="IF" condition="${contains}">
<kw name="Log To Console" library="BuiltIn">
<arg>&lt;&lt; Match Found: ${line}</arg>
<doc>Logs the given message to the console.</doc>
<status status="PASS" starttime="20251209 01:15:39.297" endtime="20251209 01:15:39.298"/>
</kw>
<return>
<status status="PASS" starttime="20251209 01:15:39.298" endtime="20251209 01:15:39.298"/>
</return>
<status status="PASS" starttime="20251209 01:15:39.297" endtime="20251209 01:15:39.298"/>
</branch>
<status status="PASS" starttime="20251209 01:15:39.297" endtime="20251209 01:15:39.298"/>
</if>
<status status="PASS" starttime="20251209 01:15:35.948" endtime="20251209 01:15:39.298"/>
</iter>
<status status="PASS" starttime="20251209 01:15:35.924" endtime="20251209 01:15:39.298"/>
</while>
<status status="PASS" starttime="20251209 01:15:35.922" endtime="20251209 01:15:39.298"/>
</kw>
<kw name="Wait For UART">
<arg>STATE: FACE_WAIT</arg>
<kw name="Log To Console" library="BuiltIn">
<arg>... Waiting for response: "${expected_substring}" ...</arg>
<doc>Logs the given message to the console.</doc>
<status status="PASS" starttime="20251209 01:15:39.299" endtime="20251209 01:15:39.300"/>
</kw>
<kw name="Get Time" library="BuiltIn">
<var>${start_time}</var>
<arg>epoch</arg>
<doc>Returns the given time in the requested format.</doc>
<msg timestamp="20251209 01:15:39.301" level="INFO">${start_time} = 1765235739</msg>
<status status="PASS" starttime="20251209 01:15:39.300" endtime="20251209 01:15:39.301"/>
</kw>
<while condition="True">
<iter>
<kw name="Get Time" library="BuiltIn">
<var>${current_time}</var>
<arg>epoch</arg>
<doc>Returns the given time in the requested format.</doc>
<msg timestamp="20251209 01:15:39.301" level="INFO">${current_time} = 1765235739</msg>
<status status="PASS" starttime="20251209 01:15:39.301" endtime="20251209 01:15:39.301"/>
</kw>
<kw name="Evaluate" library="BuiltIn">
<var>${elapsed}</var>
<arg>${current_time} - ${start_time}</arg>
<doc>Evaluates the given expression in Python and returns the result.</doc>
<msg timestamp="20251209 01:15:39.302" level="INFO">${elapsed} = 0</msg>
<status status="PASS" starttime="20251209 01:15:39.301" endtime="20251209 01:15:39.302"/>
</kw>
<if>
<branch type="IF" condition="${elapsed} &gt; ${loop_timeout}">
<kw name="Fail" library="BuiltIn">
<arg>Timeout waiting for message: '${expected_substring}'</arg>
<doc>Fails the test with the given message and optionally alters its tags.</doc>
<status status="NOT RUN" starttime="20251209 01:15:39.302" endtime="20251209 01:15:39.302"/>
</kw>
<status status="NOT RUN" starttime="20251209 01:15:39.302" endtime="20251209 01:15:39.302"/>
</branch>
<status status="PASS" starttime="20251209 01:15:39.302" endtime="20251209 01:15:39.302"/>
</if>
<kw name="Read Until" library="SerialLibrary">
<var>${line}</var>
<arg>${NEWLINE}</arg>
<doc>Read until a termination sequence is found, size exceeded or timeout.</doc>
<msg timestamp="20251209 01:15:39.333" level="INFO">${line} = STATE: FACE_WAIT
</msg>
<status status="PASS" starttime="20251209 01:15:39.302" endtime="20251209 01:15:39.333"/>
</kw>
<kw name="Run Keyword And Return Status" library="BuiltIn">
<var>${contains}</var>
<arg>Should Contain</arg>
<arg>${line}</arg>
<arg>${expected_substring}</arg>
<doc>Runs the given keyword with given arguments and returns the status as a Boolean value.</doc>
<kw name="Should Contain" library="BuiltIn">
<arg>${line}</arg>
<arg>${expected_substring}</arg>
<doc>Fails if ``container`` does not contain ``item`` one or more times.</doc>
<status status="PASS" starttime="20251209 01:15:39.334" endtime="20251209 01:15:39.334"/>
</kw>
<msg timestamp="20251209 01:15:39.334" level="INFO">${contains} = True</msg>
<status status="PASS" starttime="20251209 01:15:39.333" endtime="20251209 01:15:39.334"/>
</kw>
<if>
<branch type="IF" condition="${contains}">
<kw name="Log To Console" library="BuiltIn">
<arg>&lt;&lt; Match Found: ${line}</arg>
<doc>Logs the given message to the console.</doc>
<status status="PASS" starttime="20251209 01:15:39.335" endtime="20251209 01:15:39.336"/>
</kw>
<return>
<status status="PASS" starttime="20251209 01:15:39.336" endtime="20251209 01:15:39.336"/>
</return>
<status status="PASS" starttime="20251209 01:15:39.334" endtime="20251209 01:15:39.336"/>
</branch>
<status status="PASS" starttime="20251209 01:15:39.334" endtime="20251209 01:15:39.336"/>
</if>
<status status="PASS" starttime="20251209 01:15:39.301" endtime="20251209 01:15:39.336"/>
</iter>
<status status="PASS" starttime="20251209 01:15:39.301" endtime="20251209 01:15:39.336"/>
</while>
<status status="PASS" starttime="20251209 01:15:39.299" endtime="20251209 01:15:39.336"/>
</kw>
<status status="PASS" starttime="20251209 01:15:35.919" endtime="20251209 01:15:39.337"/>
</test>
<test id="s1-t6" name="6 Verify Face Recognition Waiting State" line="79">
<kw name="Wait For UART">
<arg>FACE: WAITING</arg>
<kw name="Log To Console" library="BuiltIn">
<arg>... Waiting for response: "${expected_substring}" ...</arg>
<doc>Logs the given message to the console.</doc>
<status status="PASS" starttime="20251209 01:15:39.340" endtime="20251209 01:15:39.341"/>
</kw>
<kw name="Get Time" library="BuiltIn">
<var>${start_time}</var>
<arg>epoch</arg>
<doc>Returns the given time in the requested format.</doc>
<msg timestamp="20251209 01:15:39.341" level="INFO">${start_time} = 1765235739</msg>
<status status="PASS" starttime="20251209 01:15:39.341" endtime="20251209 01:15:39.341"/>
</kw>
<while condition="True">
<iter>
<kw name="Get Time" library="BuiltIn">
<var>${current_time}</var>
<arg>epoch</arg>
<doc>Returns the given time in the requested format.</doc>
<msg timestamp="20251209 01:15:39.342" level="INFO">${current_time} = 1765235739</msg>
<status status="PASS" starttime="20251209 01:15:39.342" endtime="20251209 01:15:39.342"/>
</kw>
<kw name="Evaluate" library="BuiltIn">
<var>${elapsed}</var>
<arg>${current_time} - ${start_time}</arg>
<doc>Evaluates the given expression in Python and returns the result.</doc>
<msg timestamp="20251209 01:15:39.343" level="INFO">${elapsed} = 0</msg>
<status status="PASS" starttime="20251209 01:15:39.342" endtime="20251209 01:15:39.343"/>
</kw>
<if>
<branch type="IF" condition="${elapsed} &gt; ${loop_timeout}">
<kw name="Fail" library="BuiltIn">
<arg>Timeout waiting for message: '${expected_substring}'</arg>
<doc>Fails the test with the given message and optionally alters its tags.</doc>
<status status="NOT RUN" starttime="20251209 01:15:39.343" endtime="20251209 01:15:39.343"/>
</kw>
<status status="NOT RUN" starttime="20251209 01:15:39.343" endtime="20251209 01:15:39.344"/>
</branch>
<status status="PASS" starttime="20251209 01:15:39.343" endtime="20251209 01:15:39.344"/>
</if>
<kw name="Read Until" library="SerialLibrary">
<var>${line}</var>
<arg>${NEWLINE}</arg>
<doc>Read until a termination sequence is found, size exceeded or timeout.</doc>
<msg timestamp="20251209 01:15:39.353" level="INFO">${line} = FACE: WAITING
</msg>
<status status="PASS" starttime="20251209 01:15:39.344" endtime="20251209 01:15:39.353"/>
</kw>
<kw name="Run Keyword And Return Status" library="BuiltIn">
<var>${contains}</var>
<arg>Should Contain</arg>
<arg>${line}</arg>
<arg>${expected_substring}</arg>
<doc>Runs the given keyword with given arguments and returns the status as a Boolean value.</doc>
<kw name="Should Contain" library="BuiltIn">
<arg>${line}</arg>
<arg>${expected_substring}</arg>
<doc>Fails if ``container`` does not contain ``item`` one or more times.</doc>
<status status="PASS" starttime="20251209 01:15:39.354" endtime="20251209 01:15:39.355"/>
</kw>
<msg timestamp="20251209 01:15:39.355" level="INFO">${contains} = True</msg>
<status status="PASS" starttime="20251209 01:15:39.354" endtime="20251209 01:15:39.355"/>
</kw>
<if>
<branch type="IF" condition="${contains}">
<kw name="Log To Console" library="BuiltIn">
<arg>&lt;&lt; Match Found: ${line}</arg>
<doc>Logs the given message to the console.</doc>
<status status="PASS" starttime="20251209 01:15:39.355" endtime="20251209 01:15:39.356"/>
</kw>
<return>
<status status="PASS" starttime="20251209 01:15:39.356" endtime="20251209 01:15:39.356"/>
</return>
<status status="PASS" starttime="20251209 01:15:39.355" endtime="20251209 01:15:39.356"/>
</branch>
<status status="PASS" starttime="20251209 01:15:39.355" endtime="20251209 01:15:39.356"/>
</if>
<status status="PASS" starttime="20251209 01:15:39.341" endtime="20251209 01:15:39.356"/>
</iter>
<status status="PASS" starttime="20251209 01:15:39.341" endtime="20251209 01:15:39.356"/>
</while>
<status status="PASS" starttime="20251209 01:15:39.340" endtime="20251209 01:15:39.356"/>
</kw>
<status status="PASS" starttime="20251209 01:15:39.339" endtime="20251209 01:15:39.357"/>
</test>
<test id="s1-t7" name="7 Simulate Successful Face Recognition" line="82">
<kw name="Send Command">
<arg>SYSTEM_INIT</arg>
<kw name="Flush Port" library="SerialLibrary">
<arg>${PORT}</arg>
<doc>Flush port so that all waiting data is processed.</doc>
<status status="PASS" starttime="20251209 01:15:39.359" endtime="20251209 01:15:39.359"/>
</kw>
<kw name="Write Data" library="SerialLibrary">
<arg>${cmd}${NEWLINE}</arg>
<doc>Writes data into the port.</doc>
<status status="PASS" starttime="20251209 01:15:39.360" endtime="20251209 01:15:39.360"/>
</kw>
<kw name="Sleep" library="BuiltIn">
<arg>0.2s</arg>
<doc>Pauses the test executed for the given time.</doc>
<msg timestamp="20251209 01:15:39.561" level="INFO">Slept 200 milliseconds</msg>
<status status="PASS" starttime="20251209 01:15:39.360" endtime="20251209 01:15:39.561"/>
</kw>
<kw name="Log To Console" library="BuiltIn">
<arg>&gt;&gt; Command Sent: ${cmd}</arg>
<doc>Logs the given message to the console.</doc>
<status status="PASS" starttime="20251209 01:15:39.561" endtime="20251209 01:15:39.562"/>
</kw>
<status status="PASS" starttime="20251209 01:15:39.359" endtime="20251209 01:15:39.562"/>
</kw>
<kw name="Wait For UART">
<arg>FACE: ACCESS_GRANTED</arg>
<kw name="Log To Console" library="BuiltIn">
<arg>... Waiting for response: "${expected_substring}" ...</arg>
<doc>Logs the given message to the console.</doc>
<status status="PASS" starttime="20251209 01:15:39.563" endtime="20251209 01:15:39.563"/>
</kw>
<kw name="Get Time" library="BuiltIn">
<var>${start_time}</var>
<arg>epoch</arg>
<doc>Returns the given time in the requested format.</doc>
<msg timestamp="20251209 01:15:39.564" level="INFO">${start_time} = 1765235739</msg>
<status status="PASS" starttime="20251209 01:15:39.564" endtime="20251209 01:15:39.564"/>
</kw>
<while condition="True">
<iter>
<kw name="Get Time" library="BuiltIn">
<var>${current_time}</var>
<arg>epoch</arg>
<doc>Returns the given time in the requested format.</doc>
<msg timestamp="20251209 01:15:39.565" level="INFO">${current_time} = 1765235739</msg>
<status status="PASS" starttime="20251209 01:15:39.565" endtime="20251209 01:15:39.565"/>
</kw>
<kw name="Evaluate" library="BuiltIn">
<var>${elapsed}</var>
<arg>${current_time} - ${start_time}</arg>
<doc>Evaluates the given expression in Python and returns the result.</doc>
<msg timestamp="20251209 01:15:39.565" level="INFO">${elapsed} = 0</msg>
<status status="PASS" starttime="20251209 01:15:39.565" endtime="20251209 01:15:39.565"/>
</kw>
<if>
<branch type="IF" condition="${elapsed} &gt; ${loop_timeout}">
<kw name="Fail" library="BuiltIn">
<arg>Timeout waiting for message: '${expected_substring}'</arg>
<doc>Fails the test with the given message and optionally alters its tags.</doc>
<status status="NOT RUN" starttime="20251209 01:15:39.566" endtime="20251209 01:15:39.566"/>
</kw>
<status status="NOT RUN" starttime="20251209 01:15:39.566" endtime="20251209 01:15:39.566"/>
</branch>
<status status="PASS" starttime="20251209 01:15:39.566" endtime="20251209 01:15:39.566"/>
</if>
<kw name="Read Until" library="SerialLibrary">
<var>${line}</var>
<arg>${NEWLINE}</arg>
<doc>Read until a termination sequence is found, size exceeded or timeout.</doc>
<msg timestamp="20251209 01:15:39.567" level="INFO">${line} = FACE: ACCESS_GRANTED
</msg>
<status status="PASS" starttime="20251209 01:15:39.566" endtime="20251209 01:15:39.567"/>
</kw>
<kw name="Run Keyword And Return Status" library="BuiltIn">
<var>${contains}</var>
<arg>Should Contain</arg>
<arg>${line}</arg>
<arg>${expected_substring}</arg>
<doc>Runs the given keyword with given arguments and returns the status as a Boolean value.</doc>
<kw name="Should Contain" library="BuiltIn">
<arg>${line}</arg>
<arg>${expected_substring}</arg>
<doc>Fails if ``container`` does not contain ``item`` one or more times.</doc>
<status status="PASS" starttime="20251209 01:15:39.567" endtime="20251209 01:15:39.568"/>
</kw>
<msg timestamp="20251209 01:15:39.568" level="INFO">${contains} = True</msg>
<status status="PASS" starttime="20251209 01:15:39.567" endtime="20251209 01:15:39.568"/>
</kw>
<if>
<branch type="IF" condition="${contains}">
<kw name="Log To Console" library="BuiltIn">
<arg>&lt;&lt; Match Found: ${line}</arg>
<doc>Logs the given message to the console.</doc>
<status status="PASS" starttime="20251209 01:15:39.568" endtime="20251209 01:15:39.568"/>
</kw>
<return>
<status status="PASS" starttime="20251209 01:15:39.568" endtime="20251209 01:15:39.568"/>
</return>
<status status="PASS" starttime="20251209 01:15:39.568" endtime="20251209 01:15:39.568"/>
</branch>
<status status="PASS" starttime="20251209 01:15:39.568" endtime="20251209 01:15:39.568"/>
</if>
<status status="PASS" starttime="20251209 01:15:39.564" endtime="20251209 01:15:39.569"/>
</iter>
<status status="PASS" starttime="20251209 01:15:39.564" endtime="20251209 01:15:39.569"/>
</while>
<status status="PASS" starttime="20251209 01:15:39.563" endtime="20251209 01:15:39.569"/>
</kw>
<status status="PASS" starttime="20251209 01:15:39.358" endtime="20251209 01:15:39.569"/>
</test>
<test id="s1-t8" name="8 Verify Main Menu Display" line="86">
<kw name="Wait For UART">
<arg>MENU: MAIN</arg>
<kw name="Log To Console" library="BuiltIn">
<arg>... Waiting for response: "${expected_substring}" ...</arg>
<doc>Logs the given message to the console.</doc>
<status status="PASS" starttime="20251209 01:15:39.572" endtime="20251209 01:15:39.573"/>
</kw>
<kw name="Get Time" library="BuiltIn">
<var>${start_time}</var>
<arg>epoch</arg>
<doc>Returns the given time in the requested format.</doc>
<msg timestamp="20251209 01:15:39.573" level="INFO">${start_time} = 1765235739</msg>
<status status="PASS" starttime="20251209 01:15:39.573" endtime="20251209 01:15:39.573"/>
</kw>
<while condition="True">
<iter>
<kw name="Get Time" library="BuiltIn">
<var>${current_time}</var>
<arg>epoch</arg>
<doc>Returns the given time in the requested format.</doc>
<msg timestamp="20251209 01:15:39.573" level="INFO">${current_time} = 1765235739</msg>
<status status="PASS" starttime="20251209 01:15:39.573" endtime="20251209 01:15:39.573"/>
</kw>
<kw name="Evaluate" library="BuiltIn">
<var>${elapsed}</var>
<arg>${current_time} - ${start_time}</arg>
<doc>Evaluates the given expression in Python and returns the result.</doc>
<msg timestamp="20251209 01:15:39.574" level="INFO">${elapsed} = 0</msg>
<status status="PASS" starttime="20251209 01:15:39.574" endtime="20251209 01:15:39.574"/>
</kw>
<if>
<branch type="IF" condition="${elapsed} &gt; ${loop_timeout}">
<kw name="Fail" library="BuiltIn">
<arg>Timeout waiting for message: '${expected_substring}'</arg>
<doc>Fails the test with the given message and optionally alters its tags.</doc>
<status status="NOT RUN" starttime="20251209 01:15:39.574" endtime="20251209 01:15:39.574"/>
</kw>
<status status="NOT RUN" starttime="20251209 01:15:39.574" endtime="20251209 01:15:39.574"/>
</branch>
<status status="PASS" starttime="20251209 01:15:39.574" endtime="20251209 01:15:39.574"/>
</if>
<kw name="Read Until" library="SerialLibrary">
<var>${line}</var>
<arg>${NEWLINE}</arg>
<doc>Read until a termination sequence is found, size exceeded or timeout.</doc>
<msg timestamp="20251209 01:15:39.593" level="INFO">${line} = </msg>
<status status="PASS" starttime="20251209 01:15:39.574" endtime="20251209 01:15:39.594"/>
</kw>
<kw name="Run Keyword And Return Status" library="BuiltIn">
<var>${contains}</var>
<arg>Should Contain</arg>
<arg>${line}</arg>
<arg>${expected_substring}</arg>
<doc>Runs the given keyword with given arguments and returns the status as a Boolean value.</doc>
<kw name="Should Contain" library="BuiltIn">
<arg>${line}</arg>
<arg>${expected_substring}</arg>
<doc>Fails if ``container`` does not contain ``item`` one or more times.</doc>
<msg timestamp="20251209 01:15:39.594" level="FAIL">'' does not contain 'MENU: MAIN'</msg>
<status status="FAIL" starttime="20251209 01:15:39.594" endtime="20251209 01:15:39.594"/>
</kw>
<msg timestamp="20251209 01:15:39.595" level="INFO">${contains} = False</msg>
<status status="PASS" starttime="20251209 01:15:39.594" endtime="20251209 01:15:39.595"/>
</kw>
<if>
<branch type="IF" condition="${contains}">
<kw name="Log To Console" library="BuiltIn">
<arg>&lt;&lt; Match Found: ${line}</arg>
<doc>Logs the given message to the console.</doc>
<status status="NOT RUN" starttime="20251209 01:15:39.595" endtime="20251209 01:15:39.595"/>
</kw>
<return>
<status status="NOT RUN" starttime="20251209 01:15:39.595" endtime="20251209 01:15:39.595"/>
</return>
<status status="NOT RUN" starttime="20251209 01:15:39.595" endtime="20251209 01:15:39.595"/>
</branch>
<status status="PASS" starttime="20251209 01:15:39.595" endtime="20251209 01:15:39.595"/>
</if>
<status status="PASS" starttime="20251209 01:15:39.573" endtime="20251209 01:15:39.595"/>
</iter>
<iter>
<kw name="Get Time" library="BuiltIn">
<var>${current_time}</var>
<arg>epoch</arg>
<doc>Returns the given time in the requested format.</doc>
<msg timestamp="20251209 01:15:39.595" level="INFO">${current_time} = 1765235739</msg>
<status status="PASS" starttime="20251209 01:15:39.595" endtime="20251209 01:15:39.595"/>
</kw>
<kw name="Evaluate" library="BuiltIn">
<var>${elapsed}</var>
<arg>${current_time} - ${start_time}</arg>
<doc>Evaluates the given expression in Python and returns the result.</doc>
<msg timestamp="20251209 01:15:39.596" level="INFO">${elapsed} = 0</msg>
<status status="PASS" starttime="20251209 01:15:39.595" endtime="20251209 01:15:39.596"/>
</kw>
<if>
<branch type="IF" condition="${elapsed} &gt; ${loop_timeout}">
<kw name="Fail" library="BuiltIn">
<arg>Timeout waiting for message: '${expected_substring}'</arg>
<doc>Fails the test with the given message and optionally alters its tags.</doc>
<status status="NOT RUN" starttime="20251209 01:15:39.596" endtime="20251209 01:15:39.596"/>
</kw>
<status status="NOT RUN" starttime="20251209 01:15:39.596" endtime="20251209 01:15:39.596"/>
</branch>
<status status="PASS" starttime="20251209 01:15:39.596" endtime="20251209 01:15:39.596"/>
</if>
<kw name="Read Until" library="SerialLibrary">
<var>${line}</var>
<arg>${NEWLINE}</arg>
<doc>Read until a termination sequence is found, size exceeded or timeout.</doc>
<msg timestamp="20251209 01:15:40.930" level="INFO">${line} = MENU: MAIN
</msg>
<status status="PASS" starttime="20251209 01:15:39.596" endtime="20251209 01:15:40.930"/>
</kw>
<kw name="Run Keyword And Return Status" library="BuiltIn">
<var>${contains}</var>
<arg>Should Contain</arg>
<arg>${line}</arg>
<arg>${expected_substring}</arg>
<doc>Runs the given keyword with given arguments and returns the status as a Boolean value.</doc>
<kw name="Should Contain" library="BuiltIn">
<arg>${line}</arg>
<arg>${expected_substring}</arg>
<doc>Fails if ``container`` does not contain ``item`` one or more times.</doc>
<status status="PASS" starttime="20251209 01:15:40.931" endtime="20251209 01:15:40.931"/>
</kw>
<msg timestamp="20251209 01:15:40.931" level="INFO">${contains} = True</msg>
<status status="PASS" starttime="20251209 01:15:40.931" endtime="20251209 01:15:40.931"/>
</kw>
<if>
<branch type="IF" condition="${contains}">
<kw name="Log To Console" library="BuiltIn">
<arg>&lt;&lt; Match Found: ${line}</arg>
<doc>Logs the given message to the console.</doc>
<status status="PASS" starttime="20251209 01:15:40.932" endtime="20251209 01:15:40.932"/>
</kw>
<return>
<status status="PASS" starttime="20251209 01:15:40.932" endtime="20251209 01:15:40.933"/>
</return>
<status status="PASS" starttime="20251209 01:15:40.931" endtime="20251209 01:15:40.933"/>
</branch>
<status status="PASS" starttime="20251209 01:15:40.931" endtime="20251209 01:15:40.933"/>
</if>
<status status="PASS" starttime="20251209 01:15:39.595" endtime="20251209 01:15:40.933"/>
</iter>
<status status="PASS" starttime="20251209 01:15:39.573" endtime="20251209 01:15:40.933"/>
</while>
<status status="PASS" starttime="20251209 01:15:39.571" endtime="20251209 01:15:40.933"/>
</kw>
<status status="PASS" starttime="20251209 01:15:39.570" endtime="20251209 01:15:40.934"/>
</test>
<test id="s1-t9" name="9 Main Menu - Navigate to Voice Control" line="92">
<kw name="Prompt User">
<arg>Press DOWN button to highlight 'Voice AC Ctrl'.</arg>
<kw name="Log To Console" library="BuiltIn">
<arg>\n[USER ACTION]: ${instruction}</arg>
<doc>Logs the given message to the console.</doc>
<status status="PASS" starttime="20251209 01:15:40.938" endtime="20251209 01:15:40.938"/>
</kw>
<status status="PASS" starttime="20251209 01:15:40.937" endtime="20251209 01:15:40.938"/>
</kw>
<kw name="Wait For UART">
<arg>EVENT: DOWN_BTN</arg>
<kw name="Log To Console" library="BuiltIn">
<arg>... Waiting for response: "${expected_substring}" ...</arg>
<doc>Logs the given message to the console.</doc>
<status status="PASS" starttime="20251209 01:15:40.940" endtime="20251209 01:15:40.941"/>
</kw>
<kw name="Get Time" library="BuiltIn">
<var>${start_time}</var>
<arg>epoch</arg>
<doc>Returns the given time in the requested format.</doc>
<msg timestamp="20251209 01:15:40.941" level="INFO">${start_time} = 1765235740</msg>
<status status="PASS" starttime="20251209 01:15:40.941" endtime="20251209 01:15:40.941"/>
</kw>
<while condition="True">
<iter>
<kw name="Get Time" library="BuiltIn">
<var>${current_time}</var>
<arg>epoch</arg>
<doc>Returns the given time in the requested format.</doc>
<msg timestamp="20251209 01:15:40.942" level="INFO">${current_time} = 1765235740</msg>
<status status="PASS" starttime="20251209 01:15:40.942" endtime="20251209 01:15:40.942"/>
</kw>
<kw name="Evaluate" library="BuiltIn">
<var>${elapsed}</var>
<arg>${current_time} - ${start_time}</arg>
<doc>Evaluates the given expression in Python and returns the result.</doc>
<msg timestamp="20251209 01:15:40.943" level="INFO">${elapsed} = 0</msg>
<status status="PASS" starttime="20251209 01:15:40.943" endtime="20251209 01:15:40.943"/>
</kw>
<if>
<branch type="IF" condition="${elapsed} &gt; ${loop_timeout}">
<kw name="Fail" library="BuiltIn">
<arg>Timeout waiting for message: '${expected_substring}'</arg>
<doc>Fails the test with the given message and optionally alters its tags.</doc>
<status status="NOT RUN" starttime="20251209 01:15:40.944" endtime="20251209 01:15:40.944"/>
</kw>
<status status="NOT RUN" starttime="20251209 01:15:40.943" endtime="20251209 01:15:40.944"/>
</branch>
<status status="PASS" starttime="20251209 01:15:40.943" endtime="20251209 01:15:40.944"/>
</if>
<kw name="Read Until" library="SerialLibrary">
<var>${line}</var>
<arg>${NEWLINE}</arg>
<doc>Read until a termination sequence is found, size exceeded or timeout.</doc>
<msg timestamp="20251209 01:15:40.957" level="INFO">${line} = </msg>
<status status="PASS" starttime="20251209 01:15:40.944" endtime="20251209 01:15:40.957"/>
</kw>
<kw name="Run Keyword And Return Status" library="BuiltIn">
<var>${contains}</var>
<arg>Should Contain</arg>
<arg>${line}</arg>
<arg>${expected_substring}</arg>
<doc>Runs the given keyword with given arguments and returns the status as a Boolean value.</doc>
<kw name="Should Contain" library="BuiltIn">
<arg>${line}</arg>
<arg>${expected_substring}</arg>
<doc>Fails if ``container`` does not contain ``item`` one or more times.</doc>
<msg timestamp="20251209 01:15:40.960" level="FAIL">'' does not contain 'EVENT: DOWN_BTN'</msg>
<status status="FAIL" starttime="20251209 01:15:40.959" endtime="20251209 01:15:40.960"/>
</kw>
<msg timestamp="20251209 01:15:40.960" level="INFO">${contains} = False</msg>
<status status="PASS" starttime="20251209 01:15:40.957" endtime="20251209 01:15:40.960"/>
</kw>
<if>
<branch type="IF" condition="${contains}">
<kw name="Log To Console" library="BuiltIn">
<arg>&lt;&lt; Match Found: ${line}</arg>
<doc>Logs the given message to the console.</doc>
<status status="NOT RUN" starttime="20251209 01:15:40.961" endtime="20251209 01:15:40.961"/>
</kw>
<return>
<status status="NOT RUN" starttime="20251209 01:15:40.961" endtime="20251209 01:15:40.961"/>
</return>
<status status="NOT RUN" starttime="20251209 01:15:40.960" endtime="20251209 01:15:40.961"/>
</branch>
<status status="PASS" starttime="20251209 01:15:40.960" endtime="20251209 01:15:40.961"/>
</if>
<status status="PASS" starttime="20251209 01:15:40.941" endtime="20251209 01:15:40.961"/>
</iter>
<iter>
<kw name="Get Time" library="BuiltIn">
<var>${current_time}</var>
<arg>epoch</arg>
<doc>Returns the given time in the requested format.</doc>
<msg timestamp="20251209 01:15:40.963" level="INFO">${current_time} = 1765235740</msg>
<status status="PASS" starttime="20251209 01:15:40.962" endtime="20251209 01:15:40.963"/>
</kw>
<kw name="Evaluate" library="BuiltIn">
<var>${elapsed}</var>
<arg>${current_time} - ${start_time}</arg>
<doc>Evaluates the given expression in Python and returns the result.</doc>
<msg timestamp="20251209 01:15:40.964" level="INFO">${elapsed} = 0</msg>
<status status="PASS" starttime="20251209 01:15:40.963" endtime="20251209 01:15:40.964"/>
</kw>
<if>
<branch type="IF" condition="${elapsed} &gt; ${loop_timeout}">
<kw name="Fail" library="BuiltIn">
<arg>Timeout waiting for message: '${expected_substring}'</arg>
<doc>Fails the test with the given message and optionally alters its tags.</doc>
<status status="NOT RUN" starttime="20251209 01:15:40.964" endtime="20251209 01:15:40.964"/>
</kw>
<status status="NOT RUN" starttime="20251209 01:15:40.964" endtime="20251209 01:15:40.964"/>
</branch>
<status status="PASS" starttime="20251209 01:15:40.964" endtime="20251209 01:15:40.964"/>
</if>
<kw name="Read Until" library="SerialLibrary">
<var>${line}</var>
<arg>${NEWLINE}</arg>
<doc>Read until a termination sequence is found, size exceeded or timeout.</doc>
<msg timestamp="20251209 01:15:43.347" level="INFO">${line} = EVENT: DOWN_BTN
</msg>
<status status="PASS" starttime="20251209 01:15:40.965" endtime="20251209 01:15:43.347"/>
</kw>
<kw name="Run Keyword And Return Status" library="BuiltIn">
<var>${contains}</var>
<arg>Should Contain</arg>
<arg>${line}</arg>
<arg>${expected_substring}</arg>
<doc>Runs the given keyword with given arguments and returns the status as a Boolean value.</doc>
<kw name="Should Contain" library="BuiltIn">
<arg>${line}</arg>
<arg>${expected_substring}</arg>
<doc>Fails if ``container`` does not contain ``item`` one or more times.</doc>
<status status="PASS" starttime="20251209 01:15:43.347" endtime="20251209 01:15:43.348"/>
</kw>
<msg timestamp="20251209 01:15:43.348" level="INFO">${contains} = True</msg>
<status status="PASS" starttime="20251209 01:15:43.347" endtime="20251209 01:15:43.348"/>
</kw>
<if>
<branch type="IF" condition="${contains}">
<kw name="Log To Console" library="BuiltIn">
<arg>&lt;&lt; Match Found: ${line}</arg>
<doc>Logs the given message to the console.</doc>
<status status="PASS" starttime="20251209 01:15:43.348" endtime="20251209 01:15:43.349"/>
</kw>
<return>
<status status="PASS" starttime="20251209 01:15:43.349" endtime="20251209 01:15:43.349"/>
</return>
<status status="PASS" starttime="20251209 01:15:43.348" endtime="20251209 01:15:43.349"/>
</branch>
<status status="PASS" starttime="20251209 01:15:43.348" endtime="20251209 01:15:43.349"/>
</if>
<status status="PASS" starttime="20251209 01:15:40.961" endtime="20251209 01:15:43.349"/>
</iter>
<status status="PASS" starttime="20251209 01:15:40.941" endtime="20251209 01:15:43.349"/>
</while>
<status status="PASS" starttime="20251209 01:15:40.939" endtime="20251209 01:15:43.349"/>
</kw>
<status status="PASS" starttime="20251209 01:15:40.936" endtime="20251209 01:15:43.350"/>
</test>
<test id="s1-t10" name="10 Main Menu - Navigate to Keypad Control" line="96">
<kw name="Prompt User">
<arg>Press DOWN button to highlight 'Keypad AC Set'.</arg>
<kw name="Log To Console" library="BuiltIn">
<arg>\n[USER ACTION]: ${instruction}</arg>
<doc>Logs the given message to the console.</doc>
<status status="PASS" starttime="20251209 01:15:43.354" endtime="20251209 01:15:43.355"/>
</kw>
<status status="PASS" starttime="20251209 01:15:43.354" endtime="20251209 01:15:43.355"/>
</kw>
<kw name="Wait For UART">
<arg>EVENT: DOWN_BTN</arg>
<kw name="Log To Console" library="BuiltIn">
<arg>... Waiting for response: "${expected_substring}" ...</arg>
<doc>Logs the given message to the console.</doc>
<status status="PASS" starttime="20251209 01:15:43.356" endtime="20251209 01:15:43.357"/>
</kw>
<kw name="Get Time" library="BuiltIn">
<var>${start_time}</var>
<arg>epoch</arg>
<doc>Returns the given time in the requested format.</doc>
<msg timestamp="20251209 01:15:43.358" level="INFO">${start_time} = 1765235743</msg>
<status status="PASS" starttime="20251209 01:15:43.357" endtime="20251209 01:15:43.358"/>
</kw>
<while condition="True">
<iter>
<kw name="Get Time" library="BuiltIn">
<var>${current_time}</var>
<arg>epoch</arg>
<doc>Returns the given time in the requested format.</doc>
<msg timestamp="20251209 01:15:43.359" level="INFO">${current_time} = 1765235743</msg>
<status status="PASS" starttime="20251209 01:15:43.358" endtime="20251209 01:15:43.359"/>
</kw>
<kw name="Evaluate" library="BuiltIn">
<var>${elapsed}</var>
<arg>${current_time} - ${start_time}</arg>
<doc>Evaluates the given expression in Python and returns the result.</doc>
<msg timestamp="20251209 01:15:43.359" level="INFO">${elapsed} = 0</msg>
<status status="PASS" starttime="20251209 01:15:43.359" endtime="20251209 01:15:43.359"/>
</kw>
<if>
<branch type="IF" condition="${elapsed} &gt; ${loop_timeout}">
<kw name="Fail" library="BuiltIn">
<arg>Timeout waiting for message: '${expected_substring}'</arg>
<doc>Fails the test with the given message and optionally alters its tags.</doc>
<status status="NOT RUN" starttime="20251209 01:15:43.360" endtime="20251209 01:15:43.360"/>
</kw>
<status status="NOT RUN" starttime="20251209 01:15:43.360" endtime="20251209 01:15:43.360"/>
</branch>
<status status="PASS" starttime="20251209 01:15:43.359" endtime="20251209 01:15:43.360"/>
</if>
<kw name="Read Until" library="SerialLibrary">
<var>${line}</var>
<arg>${NEWLINE}</arg>
<doc>Read until a termination sequence is found, size exceeded or timeout.</doc>
<msg timestamp="20251209 01:15:43.377" level="INFO">${line} = </msg>
<status status="PASS" starttime="20251209 01:15:43.360" endtime="20251209 01:15:43.377"/>
</kw>
<kw name="Run Keyword And Return Status" library="BuiltIn">
<var>${contains}</var>
<arg>Should Contain</arg>
<arg>${line}</arg>
<arg>${expected_substring}</arg>
<doc>Runs the given keyword with given arguments and returns the status as a Boolean value.</doc>
<kw name="Should Contain" library="BuiltIn">
<arg>${line}</arg>
<arg>${expected_substring}</arg>
<doc>Fails if ``container`` does not contain ``item`` one or more times.</doc>
<msg timestamp="20251209 01:15:43.378" level="FAIL">'' does not contain 'EVENT: DOWN_BTN'</msg>
<status status="FAIL" starttime="20251209 01:15:43.378" endtime="20251209 01:15:43.378"/>
</kw>
<msg timestamp="20251209 01:15:43.378" level="INFO">${contains} = False</msg>
<status status="PASS" starttime="20251209 01:15:43.377" endtime="20251209 01:15:43.378"/>
</kw>
<if>
<branch type="IF" condition="${contains}">
<kw name="Log To Console" library="BuiltIn">
<arg>&lt;&lt; Match Found: ${line}</arg>
<doc>Logs the given message to the console.</doc>
<status status="NOT RUN" starttime="20251209 01:15:43.378" endtime="20251209 01:15:43.379"/>
</kw>
<return>
<status status="NOT RUN" starttime="20251209 01:15:43.379" endtime="20251209 01:15:43.379"/>
</return>
<status status="NOT RUN" starttime="20251209 01:15:43.378" endtime="20251209 01:15:43.379"/>
</branch>
<status status="PASS" starttime="20251209 01:15:43.378" endtime="20251209 01:15:43.379"/>
</if>
<status status="PASS" starttime="20251209 01:15:43.358" endtime="20251209 01:15:43.379"/>
</iter>
<iter>
<kw name="Get Time" library="BuiltIn">
<var>${current_time}</var>
<arg>epoch</arg>
<doc>Returns the given time in the requested format.</doc>
<msg timestamp="20251209 01:15:43.379" level="INFO">${current_time} = 1765235743</msg>
<status status="PASS" starttime="20251209 01:15:43.379" endtime="20251209 01:15:43.379"/>
</kw>
<kw name="Evaluate" library="BuiltIn">
<var>${elapsed}</var>
<arg>${current_time} - ${start_time}</arg>
<doc>Evaluates the given expression in Python and returns the result.</doc>
<msg timestamp="20251209 01:15:43.380" level="INFO">${elapsed} = 0</msg>
<status status="PASS" starttime="20251209 01:15:43.379" endtime="20251209 01:15:43.380"/>
</kw>
<if>
<branch type="IF" condition="${elapsed} &gt; ${loop_timeout}">
<kw name="Fail" library="BuiltIn">
<arg>Timeout waiting for message: '${expected_substring}'</arg>
<doc>Fails the test with the given message and optionally alters its tags.</doc>
<status status="NOT RUN" starttime="20251209 01:15:43.380" endtime="20251209 01:15:43.380"/>
</kw>
<status status="NOT RUN" starttime="20251209 01:15:43.380" endtime="20251209 01:15:43.380"/>
</branch>
<status status="PASS" starttime="20251209 01:15:43.380" endtime="20251209 01:15:43.380"/>
</if>
<kw name="Read Until" library="SerialLibrary">
<var>${line}</var>
<arg>${NEWLINE}</arg>
<doc>Read until a termination sequence is found, size exceeded or timeout.</doc>
<msg timestamp="20251209 01:15:43.949" level="INFO">${line} = EVENT: DOWN_BTN
</msg>
<status status="PASS" starttime="20251209 01:15:43.380" endtime="20251209 01:15:43.949"/>
</kw>
<kw name="Run Keyword And Return Status" library="BuiltIn">
<var>${contains}</var>
<arg>Should Contain</arg>
<arg>${line}</arg>
<arg>${expected_substring}</arg>
<doc>Runs the given keyword with given arguments and returns the status as a Boolean value.</doc>
<kw name="Should Contain" library="BuiltIn">
<arg>${line}</arg>
<arg>${expected_substring}</arg>
<doc>Fails if ``container`` does not contain ``item`` one or more times.</doc>
<status status="PASS" starttime="20251209 01:15:43.949" endtime="20251209 01:15:43.950"/>
</kw>
<msg timestamp="20251209 01:15:43.950" level="INFO">${contains} = True</msg>
<status status="PASS" starttime="20251209 01:15:43.949" endtime="20251209 01:15:43.950"/>
</kw>
<if>
<branch type="IF" condition="${contains}">
<kw name="Log To Console" library="BuiltIn">
<arg>&lt;&lt; Match Found: ${line}</arg>
<doc>Logs the given message to the console.</doc>
<status status="PASS" starttime="20251209 01:15:43.950" endtime="20251209 01:15:43.951"/>
</kw>
<return>
<status status="PASS" starttime="20251209 01:15:43.951" endtime="20251209 01:15:43.951"/>
</return>
<status status="PASS" starttime="20251209 01:15:43.950" endtime="20251209 01:15:43.951"/>
</branch>
<status status="PASS" starttime="20251209 01:15:43.950" endtime="20251209 01:15:43.951"/>
</if>
<status status="PASS" starttime="20251209 01:15:43.379" endtime="20251209 01:15:43.951"/>
</iter>
<status status="PASS" starttime="20251209 01:15:43.358" endtime="20251209 01:15:43.951"/>
</while>
<status status="PASS" starttime="20251209 01:15:43.356" endtime="20251209 01:15:43.951"/>
</kw>
<status status="PASS" starttime="20251209 01:15:43.353" endtime="20251209 01:15:43.952"/>
</test>
<test id="s1-t11" name="11 Main Menu - Navigate to Set Temp" line="100">
<kw name="Prompt User">
<arg>Press DOWN button to highlight 'Set Temp AC'.</arg>
<kw name="Log To Console" library="BuiltIn">
<arg>\n[USER ACTION]: ${instruction}</arg>
<doc>Logs the given message to the console.</doc>
<status status="PASS" starttime="20251209 01:15:43.956" endtime="20251209 01:15:43.957"/>
</kw>
<status status="PASS" starttime="20251209 01:15:43.956" endtime="20251209 01:15:43.957"/>
</kw>
<kw name="Wait For UART">
<arg>EVENT: DOWN_BTN</arg>
<kw name="Log To Console" library="BuiltIn">
<arg>... Waiting for response: "${expected_substring}" ...</arg>
<doc>Logs the given message to the console.</doc>
<status status="PASS" starttime="20251209 01:15:43.958" endtime="20251209 01:15:43.959"/>
</kw>
<kw name="Get Time" library="BuiltIn">
<var>${start_time}</var>
<arg>epoch</arg>
<doc>Returns the given time in the requested format.</doc>
<msg timestamp="20251209 01:15:43.960" level="INFO">${start_time} = 1765235743</msg>
<status status="PASS" starttime="20251209 01:15:43.960" endtime="20251209 01:15:43.960"/>
</kw>
<while condition="True">
<iter>
<kw name="Get Time" library="BuiltIn">
<var>${current_time}</var>
<arg>epoch</arg>
<doc>Returns the given time in the requested format.</doc>
<msg timestamp="20251209 01:15:43.961" level="INFO">${current_time} = 1765235743</msg>
<status status="PASS" starttime="20251209 01:15:43.960" endtime="20251209 01:15:43.961"/>
</kw>
<kw name="Evaluate" library="BuiltIn">
<var>${elapsed}</var>
<arg>${current_time} - ${start_time}</arg>
<doc>Evaluates the given expression in Python and returns the result.</doc>
<msg timestamp="20251209 01:15:43.961" level="INFO">${elapsed} = 0</msg>
<status status="PASS" starttime="20251209 01:15:43.961" endtime="20251209 01:15:43.962"/>
</kw>
<if>
<branch type="IF" condition="${elapsed} &gt; ${loop_timeout}">
<kw name="Fail" library="BuiltIn">
<arg>Timeout waiting for message: '${expected_substring}'</arg>
<doc>Fails the test with the given message and optionally alters its tags.</doc>
<status status="NOT RUN" starttime="20251209 01:15:43.962" endtime="20251209 01:15:43.962"/>
</kw>
<status status="NOT RUN" starttime="20251209 01:15:43.962" endtime="20251209 01:15:43.962"/>
</branch>
<status status="PASS" starttime="20251209 01:15:43.962" endtime="20251209 01:15:43.962"/>
</if>
<kw name="Read Until" library="SerialLibrary">
<var>${line}</var>
<arg>${NEWLINE}</arg>
<doc>Read until a termination sequence is found, size exceeded or timeout.</doc>
<msg timestamp="20251209 01:15:43.977" level="INFO">${line} = </msg>
<status status="PASS" starttime="20251209 01:15:43.962" endtime="20251209 01:15:43.977"/>
</kw>
<kw name="Run Keyword And Return Status" library="BuiltIn">
<var>${contains}</var>
<arg>Should Contain</arg>
<arg>${line}</arg>
<arg>${expected_substring}</arg>
<doc>Runs the given keyword with given arguments and returns the status as a Boolean value.</doc>
<kw name="Should Contain" library="BuiltIn">
<arg>${line}</arg>
<arg>${expected_substring}</arg>
<doc>Fails if ``container`` does not contain ``item`` one or more times.</doc>
<msg timestamp="20251209 01:15:43.979" level="FAIL">'' does not contain 'EVENT: DOWN_BTN'</msg>
<status status="FAIL" starttime="20251209 01:15:43.978" endtime="20251209 01:15:43.979"/>
</kw>
<msg timestamp="20251209 01:15:43.979" level="INFO">${contains} = False</msg>
<status status="PASS" starttime="20251209 01:15:43.977" endtime="20251209 01:15:43.979"/>
</kw>
<if>
<branch type="IF" condition="${contains}">
<kw name="Log To Console" library="BuiltIn">
<arg>&lt;&lt; Match Found: ${line}</arg>
<doc>Logs the given message to the console.</doc>
<status status="NOT RUN" starttime="20251209 01:15:43.979" endtime="20251209 01:15:43.980"/>
</kw>
<return>
<status status="NOT RUN" starttime="20251209 01:15:43.980" endtime="20251209 01:15:43.980"/>
</return>
<status status="NOT RUN" starttime="20251209 01:15:43.979" endtime="20251209 01:15:43.980"/>
</branch>
<status status="PASS" starttime="20251209 01:15:43.979" endtime="20251209 01:15:43.980"/>
</if>
<status status="PASS" starttime="20251209 01:15:43.960" endtime="20251209 01:15:43.980"/>
</iter>
<iter>
<kw name="Get Time" library="BuiltIn">
<var>${current_time}</var>
<arg>epoch</arg>
<doc>Returns the given time in the requested format.</doc>
<msg timestamp="20251209 01:15:43.980" level="INFO">${current_time} = 1765235743</msg>
<status status="PASS" starttime="20251209 01:15:43.980" endtime="20251209 01:15:43.981"/>
</kw>
<kw name="Evaluate" library="BuiltIn">
<var>${elapsed}</var>
<arg>${current_time} - ${start_time}</arg>
<doc>Evaluates the given expression in Python and returns the result.</doc>
<msg timestamp="20251209 01:15:43.981" level="INFO">${elapsed} = 0</msg>
<status status="PASS" starttime="20251209 01:15:43.981" endtime="20251209 01:15:43.981"/>
</kw>
<if>
<branch type="IF" condition="${elapsed} &gt; ${loop_timeout}">
<kw name="Fail" library="BuiltIn">
<arg>Timeout waiting for message: '${expected_substring}'</arg>
<doc>Fails the test with the given message and optionally alters its tags.</doc>
<status status="NOT RUN" starttime="20251209 01:15:43.982" endtime="20251209 01:15:43.982"/>
</kw>
<status status="NOT RUN" starttime="20251209 01:15:43.981" endtime="20251209 01:15:43.982"/>
</branch>
<status status="PASS" starttime="20251209 01:15:43.981" endtime="20251209 01:15:43.982"/>
</if>
<kw name="Read Until" library="SerialLibrary">
<var>${line}</var>
<arg>${NEWLINE}</arg>
<doc>Read until a termination sequence is found, size exceeded or timeout.</doc>
<msg timestamp="20251209 01:15:44.719" level="INFO">${line} = EVENT: DOWN_BTN
</msg>
<status status="PASS" starttime="20251209 01:15:43.982" endtime="20251209 01:15:44.719"/>
</kw>
<kw name="Run Keyword And Return Status" library="BuiltIn">
<var>${contains}</var>
<arg>Should Contain</arg>
<arg>${line}</arg>
<arg>${expected_substring}</arg>
<doc>Runs the given keyword with given arguments and returns the status as a Boolean value.</doc>
<kw name="Should Contain" library="BuiltIn">
<arg>${line}</arg>
<arg>${expected_substring}</arg>
<doc>Fails if ``container`` does not contain ``item`` one or more times.</doc>
<status status="PASS" starttime="20251209 01:15:44.720" endtime="20251209 01:15:44.720"/>
</kw>
<msg timestamp="20251209 01:15:44.720" level="INFO">${contains} = True</msg>
<status status="PASS" starttime="20251209 01:15:44.719" endtime="20251209 01:15:44.720"/>
</kw>
<if>
<branch type="IF" condition="${contains}">
<kw name="Log To Console" library="BuiltIn">
<arg>&lt;&lt; Match Found: ${line}</arg>
<doc>Logs the given message to the console.</doc>
<status status="PASS" starttime="20251209 01:15:44.721" endtime="20251209 01:15:44.722"/>
</kw>
<return>
<status status="PASS" starttime="20251209 01:15:44.722" endtime="20251209 01:15:44.722"/>
</return>
<status status="PASS" starttime="20251209 01:15:44.721" endtime="20251209 01:15:44.722"/>
</branch>
<status status="PASS" starttime="20251209 01:15:44.721" endtime="20251209 01:15:44.722"/>
</if>
<status status="PASS" starttime="20251209 01:15:43.980" endtime="20251209 01:15:44.722"/>
</iter>
<status status="PASS" starttime="20251209 01:15:43.960" endtime="20251209 01:15:44.722"/>
</while>
<status status="PASS" starttime="20251209 01:15:43.958" endtime="20251209 01:15:44.723"/>
</kw>
<status status="PASS" starttime="20251209 01:15:43.955" endtime="20251209 01:15:44.723"/>
</test>
<test id="s1-t12" name="12 Main Menu - Wrap-Around Check" line="104">
<kw name="Prompt User">
<arg>Press DOWN button again to wrap to the top.</arg>
<kw name="Log To Console" library="BuiltIn">
<arg>\n[USER ACTION]: ${instruction}</arg>
<doc>Logs the given message to the console.</doc>
<status status="PASS" starttime="20251209 01:15:44.725" endtime="20251209 01:15:44.726"/>
</kw>
<status status="PASS" starttime="20251209 01:15:44.725" endtime="20251209 01:15:44.726"/>
</kw>
<kw name="Wait For UART">
<arg>EVENT: DOWN_BTN</arg>
<kw name="Log To Console" library="BuiltIn">
<arg>... Waiting for response: "${expected_substring}" ...</arg>
<doc>Logs the given message to the console.</doc>
<status status="PASS" starttime="20251209 01:15:44.727" endtime="20251209 01:15:44.727"/>
</kw>
<kw name="Get Time" library="BuiltIn">
<var>${start_time}</var>
<arg>epoch</arg>
<doc>Returns the given time in the requested format.</doc>
<msg timestamp="20251209 01:15:44.728" level="INFO">${start_time} = 1765235744</msg>
<status status="PASS" starttime="20251209 01:15:44.728" endtime="20251209 01:15:44.728"/>
</kw>
<while condition="True">
<iter>
<kw name="Get Time" library="BuiltIn">
<var>${current_time}</var>
<arg>epoch</arg>
<doc>Returns the given time in the requested format.</doc>
<msg timestamp="20251209 01:15:44.729" level="INFO">${current_time} = 1765235744</msg>
<status status="PASS" starttime="20251209 01:15:44.729" endtime="20251209 01:15:44.729"/>
</kw>
<kw name="Evaluate" library="BuiltIn">
<var>${elapsed}</var>
<arg>${current_time} - ${start_time}</arg>
<doc>Evaluates the given expression in Python and returns the result.</doc>
<msg timestamp="20251209 01:15:44.730" level="INFO">${elapsed} = 0</msg>
<status status="PASS" starttime="20251209 01:15:44.729" endtime="20251209 01:15:44.730"/>
</kw>
<if>
<branch type="IF" condition="${elapsed} &gt; ${loop_timeout}">
<kw name="Fail" library="BuiltIn">
<arg>Timeout waiting for message: '${expected_substring}'</arg>
<doc>Fails the test with the given message and optionally alters its tags.</doc>
<status status="NOT RUN" starttime="20251209 01:15:44.730" endtime="20251209 01:15:44.730"/>
</kw>
<status status="NOT RUN" starttime="20251209 01:15:44.730" endtime="20251209 01:15:44.730"/>
</branch>
<status status="PASS" starttime="20251209 01:15:44.730" endtime="20251209 01:15:44.730"/>
</if>
<kw name="Read Until" library="SerialLibrary">
<var>${line}</var>
<arg>${NEWLINE}</arg>
<doc>Read until a termination sequence is found, size exceeded or timeout.</doc>
<msg timestamp="20251209 01:15:44.753" level="INFO">${line} = </msg>
<status status="PASS" starttime="20251209 01:15:44.730" endtime="20251209 01:15:44.754"/>
</kw>
<kw name="Run Keyword And Return Status" library="BuiltIn">
<var>${contains}</var>
<arg>Should Contain</arg>
<arg>${line}</arg>
<arg>${expected_substring}</arg>
<doc>Runs the given keyword with given arguments and returns the status as a Boolean value.</doc>
<kw name="Should Contain" library="BuiltIn">
<arg>${line}</arg>
<arg>${expected_substring}</arg>
<doc>Fails if ``container`` does not contain ``item`` one or more times.</doc>
<msg timestamp="20251209 01:15:44.755" level="FAIL">'' does not contain 'EVENT: DOWN_BTN'</msg>
<status status="FAIL" starttime="20251209 01:15:44.754" endtime="20251209 01:15:44.755"/>
</kw>
<msg timestamp="20251209 01:15:44.755" level="INFO">${contains} = False</msg>
<status status="PASS" starttime="20251209 01:15:44.754" endtime="20251209 01:15:44.755"/>
</kw>
<if>
<branch type="IF" condition="${contains}">
<kw name="Log To Console" library="BuiltIn">
<arg>&lt;&lt; Match Found: ${line}</arg>
<doc>Logs the given message to the console.</doc>
<status status="NOT RUN" starttime="20251209 01:15:44.756" endtime="20251209 01:15:44.756"/>
</kw>
<return>
<status status="NOT RUN" starttime="20251209 01:15:44.756" endtime="20251209 01:15:44.756"/>
</return>
<status status="NOT RUN" starttime="20251209 01:15:44.755" endtime="20251209 01:15:44.756"/>
</branch>
<status status="PASS" starttime="20251209 01:15:44.755" endtime="20251209 01:15:44.756"/>
</if>
<status status="PASS" starttime="20251209 01:15:44.728" endtime="20251209 01:15:44.756"/>
</iter>
<iter>
<kw name="Get Time" library="BuiltIn">
<var>${current_time}</var>
<arg>epoch</arg>
<doc>Returns the given time in the requested format.</doc>
<msg timestamp="20251209 01:15:44.757" level="INFO">${current_time} = 1765235744</msg>
<status status="PASS" starttime="20251209 01:15:44.757" endtime="20251209 01:15:44.757"/>
</kw>
<kw name="Evaluate" library="BuiltIn">
<var>${elapsed}</var>
<arg>${current_time} - ${start_time}</arg>
<doc>Evaluates the given expression in Python and returns the result.</doc>
<msg timestamp="20251209 01:15:44.759" level="INFO">${elapsed} = 0</msg>
<status status="PASS" starttime="20251209 01:15:44.758" endtime="20251209 01:15:44.759"/>
</kw>
<if>
<branch type="IF" condition="${elapsed} &gt; ${loop_timeout}">
<kw name="Fail" library="BuiltIn">
<arg>Timeout waiting for message: '${expected_substring}'</arg>
<doc>Fails the test with the given message and optionally alters its tags.</doc>
<status status="NOT RUN" starttime="20251209 01:15:44.759" endtime="20251209 01:15:44.759"/>
</kw>
<status status="NOT RUN" starttime="20251209 01:15:44.759" endtime="20251209 01:15:44.759"/>
</branch>
<status status="PASS" starttime="20251209 01:15:44.759" endtime="20251209 01:15:44.759"/>
</if>
<kw name="Read Until" library="SerialLibrary">
<var>${line}</var>
<arg>${NEWLINE}</arg>
<doc>Read until a termination sequence is found, size exceeded or timeout.</doc>
[...]
</kw>
<kw name="Evaluate" library="BuiltIn">
<var>${elapsed}</var>
<arg>${current_time} - ${start_time}</arg>
<doc>Evaluates the given expression in Python and returns the result.</doc>
<msg timestamp="20251209 01:16:59.995" level="INFO">${elapsed} = 1</msg>
<status status="PASS" starttime="20251209 01:16:59.994" endtime="20251209 01:16:59.995"/>
</kw>
<if>
<branch type="IF" condition="${elapsed} &gt; ${loop_timeout}">
<kw name="Fail" library="BuiltIn">
<arg>Timeout waiting for message: '${expected_substring}'</arg>
<doc>Fails the test with the given message and optionally alters its tags.</doc>
<status status="NOT RUN" starttime="20251209 01:16:59.995" endtime="20251209 01:16:59.995"/>
</kw>
<status status="NOT RUN" starttime="20251209 01:16:59.995" endtime="20251209 01:16:59.995"/>
</branch>
<status status="PASS" starttime="20251209 01:16:59.995" endtime="20251209 01:16:59.995"/>
</if>
<kw name="Read Until" library="SerialLibrary">
<var>${line}</var>
<arg>${NEWLINE}</arg>
<doc>Read until a termination sequence is found, size exceeded or timeout.</doc>
<msg timestamp="20251209 01:17:00.015" level="INFO">${line} = </msg>
<status status="PASS" starttime="20251209 01:16:59.995" endtime="20251209 01:17:00.015"/>
</kw>
<kw name="Run Keyword And Return Status" library="BuiltIn">
<var>${contains}</var>
<arg>Should Contain</arg>
<arg>${line}</arg>
<arg>${expected_substring}</arg>
<doc>Runs the given keyword with given arguments and returns the status as a Boolean value.</doc>
<kw name="Should Contain" library="BuiltIn">
<arg>${line}</arg>
<arg>${expected_substring}</arg>
<doc>Fails if ``container`` does not contain ``item`` one or more times.</doc>
<msg timestamp="20251209 01:17:00.016" level="FAIL">'' does not contain 'PASS: ACCESS_GRANTED'</msg>
<status status="FAIL" starttime="20251209 01:17:00.016" endtime="20251209 01:17:00.016"/>
</kw>
<msg timestamp="20251209 01:17:00.016" level="INFO">${contains} = False</msg>
<status status="PASS" starttime="20251209 01:17:00.015" endtime="20251209 01:17:00.016"/>
</kw>
<if>
<branch type="IF" condition="${contains}">
<kw name="Log To Console" library="BuiltIn">
<arg>&lt;&lt; Match Found: ${line}</arg>
<doc>Logs the given message to the console.</doc>
<status status="NOT RUN" starttime="20251209 01:17:00.016" endtime="20251209 01:17:00.017"/>
</kw>
<return>
<status status="NOT RUN" starttime="20251209 01:17:00.017" endtime="20251209 01:17:00.017"/>
</return>
<status status="NOT RUN" starttime="20251209 01:17:00.016" endtime="20251209 01:17:00.017"/>
</branch>
<status status="PASS" starttime="20251209 01:17:00.016" endtime="20251209 01:17:00.017"/>
</if>
<status status="PASS" starttime="20251209 01:16:59.994" endtime="20251209 01:17:00.017"/>
</iter>
<iter>
<kw name="Get Time" library="BuiltIn">
<var>${current_time}</var>
<arg>epoch</arg>
<doc>Returns the given time in the requested format.</doc>
<msg timestamp="20251209 01:17:00.017" level="INFO">${current_time} = 1765235820</msg>
<status status="PASS" starttime="20251209 01:17:00.017" endtime="20251209 01:17:00.017"/>
</kw>
<kw name="Evaluate" library="BuiltIn">
<var>${elapsed}</var>
<arg>${current_time} - ${start_time}</arg>
<doc>Evaluates the given expression in Python and returns the result.</doc>
<msg timestamp="20251209 01:17:00.018" level="INFO">${elapsed} = 2</msg>
<status status="PASS" starttime="20251209 01:17:00.017" endtime="20251209 01:17:00.018"/>
</kw>
<if>
<branch type="IF" condition="${elapsed} &gt; ${loop_timeout}">
<kw name="Fail" library="BuiltIn">
<arg>Timeout waiting for message: '${expected_substring}'</arg>
<doc>Fails the test with the given message and optionally alters its tags.</doc>
<status status="NOT RUN" starttime="20251209 01:17:00.018" endtime="20251209 01:17:00.018"/>
</kw>
<status status="NOT RUN" starttime="20251209 01:17:00.018" endtime="20251209 01:17:00.018"/>
</branch>
<status status="PASS" starttime="20251209 01:17:00.018" endtime="20251209 01:17:00.018"/>
</if>
<kw name="Read Until" library="SerialLibrary">
<var>${line}</var>
<arg>${NEWLINE}</arg>
<doc>Read until a termination sequence is found, size exceeded or timeout.</doc>
<msg timestamp="20251209 01:17:01.205" level="INFO">${line} = KEY: #
</msg>
<status status="PASS" starttime="20251209 01:17:00.018" endtime="20251209 01:17:01.205"/>
</kw>
<kw name="Run Keyword And Return Status" library="BuiltIn">
<var>${contains}</var>
<arg>Should Contain</arg>
<arg>${line}</arg>
<arg>${expected_substring}</arg>
<doc>Runs the given keyword with given arguments and returns the status as a Boolean value.</doc>
<kw name="Should Contain" library="BuiltIn">
<arg>${line}</arg>
<arg>${expected_substring}</arg>
<doc>Fails if ``container`` does not contain ``item`` one or more times.</doc>
<msg timestamp="20251209 01:17:01.206" level="FAIL">'KEY: #
' does not contain 'PASS: ACCESS_GRANTED'</msg>
<status status="FAIL" starttime="20251209 01:17:01.206" endtime="20251209 01:17:01.206"/>
</kw>
<msg timestamp="20251209 01:17:01.206" level="INFO">${contains} = False</msg>
<status status="PASS" starttime="20251209 01:17:01.205" endtime="20251209 01:17:01.207"/>
</kw>
<if>
<branch type="IF" condition="${contains}">
<kw name="Log To Console" library="BuiltIn">
<arg>&lt;&lt; Match Found: ${line}</arg>
<doc>Logs the given message to the console.</doc>
<status status="NOT RUN" starttime="20251209 01:17:01.207" endtime="20251209 01:17:01.207"/>
</kw>
<return>
<status status="NOT RUN" starttime="20251209 01:17:01.207" endtime="20251209 01:17:01.207"/>
</return>
<status status="NOT RUN" starttime="20251209 01:17:01.207" endtime="20251209 01:17:01.207"/>
</branch>
<status status="PASS" starttime="20251209 01:17:01.207" endtime="20251209 01:17:01.207"/>
</if>
<status status="PASS" starttime="20251209 01:17:00.017" endtime="20251209 01:17:01.208"/>
</iter>
<iter>
<kw name="Get Time" library="BuiltIn">
<var>${current_time}</var>
<arg>epoch</arg>
<doc>Returns the given time in the requested format.</doc>
<msg timestamp="20251209 01:17:01.208" level="INFO">${current_time} = 1765235821</msg>
<status status="PASS" starttime="20251209 01:17:01.208" endtime="20251209 01:17:01.208"/>
</kw>
<kw name="Evaluate" library="BuiltIn">
<var>${elapsed}</var>
<arg>${current_time} - ${start_time}</arg>
<doc>Evaluates the given expression in Python and returns the result.</doc>
<msg timestamp="20251209 01:17:01.209" level="INFO">${elapsed} = 3</msg>
<status status="PASS" starttime="20251209 01:17:01.208" endtime="20251209 01:17:01.209"/>
</kw>
<if>
<branch type="IF" condition="${elapsed} &gt; ${loop_timeout}">
<kw name="Fail" library="BuiltIn">
<arg>Timeout waiting for message: '${expected_substring}'</arg>
<doc>Fails the test with the given message and optionally alters its tags.</doc>
<status status="NOT RUN" starttime="20251209 01:17:01.209" endtime="20251209 01:17:01.209"/>
</kw>
<status status="NOT RUN" starttime="20251209 01:17:01.209" endtime="20251209 01:17:01.209"/>
</branch>
<status status="PASS" starttime="20251209 01:17:01.209" endtime="20251209 01:17:01.209"/>
</if>
<kw name="Read Until" library="SerialLibrary">
<var>${line}</var>
<arg>${NEWLINE}</arg>
<doc>Read until a termination sequence is found, size exceeded or timeout.</doc>
<msg timestamp="20251209 01:17:01.221" level="INFO">${line} = EVENT: SUBMIT
</msg>
<status status="PASS" starttime="20251209 01:17:01.209" endtime="20251209 01:17:01.221"/>
</kw>
<kw name="Run Keyword And Return Status" library="BuiltIn">
<var>${contains}</var>
<arg>Should Contain</arg>
<arg>${line}</arg>
<arg>${expected_substring}</arg>
<doc>Runs the given keyword with given arguments and returns the status as a Boolean value.</doc>
<kw name="Should Contain" library="BuiltIn">
<arg>${line}</arg>
<arg>${expected_substring}</arg>
<doc>Fails if ``container`` does not contain ``item`` one or more times.</doc>
<msg timestamp="20251209 01:17:01.222" level="FAIL">'EVENT: SUBMIT
' does not contain 'PASS: ACCESS_GRANTED'</msg>
<status status="FAIL" starttime="20251209 01:17:01.222" endtime="20251209 01:17:01.223"/>
</kw>
<msg timestamp="20251209 01:17:01.223" level="INFO">${contains} = False</msg>
<status status="PASS" starttime="20251209 01:17:01.221" endtime="20251209 01:17:01.223"/>
</kw>
<if>
<branch type="IF" condition="${contains}">
<kw name="Log To Console" library="BuiltIn">
<arg>&lt;&lt; Match Found: ${line}</arg>
<doc>Logs the given message to the console.</doc>
<status status="NOT RUN" starttime="20251209 01:17:01.223" endtime="20251209 01:17:01.223"/>
</kw>
<return>
<status status="NOT RUN" starttime="20251209 01:17:01.223" endtime="20251209 01:17:01.223"/>
</return>
<status status="NOT RUN" starttime="20251209 01:17:01.223" endtime="20251209 01:17:01.223"/>
</branch>
<status status="PASS" starttime="20251209 01:17:01.223" endtime="20251209 01:17:01.223"/>
</if>
<status status="PASS" starttime="20251209 01:17:01.208" endtime="20251209 01:17:01.223"/>
</iter>
<iter>
<kw name="Get Time" library="BuiltIn">
<var>${current_time}</var>
<arg>epoch</arg>
<doc>Returns the given time in the requested format.</doc>
<msg timestamp="20251209 01:17:01.224" level="INFO">${current_time} = 1765235821</msg>
<status status="PASS" starttime="20251209 01:17:01.224" endtime="20251209 01:17:01.224"/>
</kw>
<kw name="Evaluate" library="BuiltIn">
<var>${elapsed}</var>
<arg>${current_time} - ${start_time}</arg>
<doc>Evaluates the given expression in Python and returns the result.</doc>
<msg timestamp="20251209 01:17:01.224" level="INFO">${elapsed} = 3</msg>
<status status="PASS" starttime="20251209 01:17:01.224" endtime="20251209 01:17:01.224"/>
</kw>
<if>
<branch type="IF" condition="${elapsed} &gt; ${loop_timeout}">
<kw name="Fail" library="BuiltIn">
<arg>Timeout waiting for message: '${expected_substring}'</arg>
<doc>Fails the test with the given message and optionally alters its tags.</doc>
<status status="NOT RUN" starttime="20251209 01:17:01.224" endtime="20251209 01:17:01.225"/>
</kw>
<status status="NOT RUN" starttime="20251209 01:17:01.224" endtime="20251209 01:17:01.225"/>
</branch>
<status status="PASS" starttime="20251209 01:17:01.224" endtime="20251209 01:17:01.225"/>
</if>
<kw name="Read Until" library="SerialLibrary">
<var>${line}</var>
<arg>${NEWLINE}</arg>
<doc>Read until a termination sequence is found, size exceeded or timeout.</doc>
<msg timestamp="20251209 01:17:01.246" level="INFO">${line} = PASS: ACCESS_GRANTED
</msg>
<status status="PASS" starttime="20251209 01:17:01.225" endtime="20251209 01:17:01.246"/>
</kw>
<kw name="Run Keyword And Return Status" library="BuiltIn">
<var>${contains}</var>
<arg>Should Contain</arg>
<arg>${line}</arg>
<arg>${expected_substring}</arg>
<doc>Runs the given keyword with given arguments and returns the status as a Boolean value.</doc>
<kw name="Should Contain" library="BuiltIn">
<arg>${line}</arg>
<arg>${expected_substring}</arg>
<doc>Fails if ``container`` does not contain ``item`` one or more times.</doc>
<status status="PASS" starttime="20251209 01:17:01.246" endtime="20251209 01:17:01.246"/>
</kw>
<msg timestamp="20251209 01:17:01.246" level="INFO">${contains} = True</msg>
<status status="PASS" starttime="20251209 01:17:01.246" endtime="20251209 01:17:01.246"/>
</kw>
<if>
<branch type="IF" condition="${contains}">
<kw name="Log To Console" library="BuiltIn">
<arg>&lt;&lt; Match Found: ${line}</arg>
<doc>Logs the given message to the console.</doc>
<status status="PASS" starttime="20251209 01:17:01.247" endtime="20251209 01:17:01.247"/>
</kw>
<return>
<status status="PASS" starttime="20251209 01:17:01.247" endtime="20251209 01:17:01.247"/>
</return>
<status status="PASS" starttime="20251209 01:17:01.247" endtime="20251209 01:17:01.247"/>
</branch>
<status status="PASS" starttime="20251209 01:17:01.247" endtime="20251209 01:17:01.247"/>
</if>
<status status="PASS" starttime="20251209 01:17:01.223" endtime="20251209 01:17:01.247"/>
</iter>
<status status="PASS" starttime="20251209 01:16:58.601" endtime="20251209 01:17:01.247"/>
</while>
<status status="PASS" starttime="20251209 01:16:58.599" endtime="20251209 01:17:01.248"/>
</kw>
<kw name="Wait For UART">
<arg>MENU: MAIN</arg>
<kw name="Log To Console" library="BuiltIn">
<arg>... Waiting for response: "${expected_substring}" ...</arg>
<doc>Logs the given message to the console.</doc>
<status status="PASS" starttime="20251209 01:17:01.248" endtime="20251209 01:17:01.248"/>
</kw>
<kw name="Get Time" library="BuiltIn">
<var>${start_time}</var>
<arg>epoch</arg>
<doc>Returns the given time in the requested format.</doc>
<msg timestamp="20251209 01:17:01.249" level="INFO">${start_time} = 1765235821</msg>
<status status="PASS" starttime="20251209 01:17:01.249" endtime="20251209 01:17:01.249"/>
</kw>
<while condition="True">
<iter>
<kw name="Get Time" library="BuiltIn">
<var>${current_time}</var>
<arg>epoch</arg>
<doc>Returns the given time in the requested format.</doc>
<msg timestamp="20251209 01:17:01.250" level="INFO">${current_time} = 1765235821</msg>
<status status="PASS" starttime="20251209 01:17:01.249" endtime="20251209 01:17:01.250"/>
</kw>
<kw name="Evaluate" library="BuiltIn">
<var>${elapsed}</var>
<arg>${current_time} - ${start_time}</arg>
<doc>Evaluates the given expression in Python and returns the result.</doc>
<msg timestamp="20251209 01:17:01.250" level="INFO">${elapsed} = 0</msg>
<status status="PASS" starttime="20251209 01:17:01.250" endtime="20251209 01:17:01.250"/>
</kw>
<if>
<branch type="IF" condition="${elapsed} &gt; ${loop_timeout}">
<kw name="Fail" library="BuiltIn">
<arg>Timeout waiting for message: '${expected_substring}'</arg>
<doc>Fails the test with the given message and optionally alters its tags.</doc>
<status status="NOT RUN" starttime="20251209 01:17:01.251" endtime="20251209 01:17:01.251"/>
</kw>
<status status="NOT RUN" starttime="20251209 01:17:01.250" endtime="20251209 01:17:01.251"/>
</branch>
<status status="PASS" starttime="20251209 01:17:01.250" endtime="20251209 01:17:01.251"/>
</if>
<kw name="Read Until" library="SerialLibrary">
<var>${line}</var>
<arg>${NEWLINE}</arg>
<doc>Read until a termination sequence is found, size exceeded or timeout.</doc>
<msg timestamp="20251209 01:17:01.264" level="INFO">${line} = </msg>
<status status="PASS" starttime="20251209 01:17:01.251" endtime="20251209 01:17:01.264"/>
</kw>
<kw name="Run Keyword And Return Status" library="BuiltIn">
<var>${contains}</var>
<arg>Should Contain</arg>
<arg>${line}</arg>
<arg>${expected_substring}</arg>
<doc>Runs the given keyword with given arguments and returns the status as a Boolean value.</doc>
<kw name="Should Contain" library="BuiltIn">
<arg>${line}</arg>
<arg>${expected_substring}</arg>
<doc>Fails if ``container`` does not contain ``item`` one or more times.</doc>
<msg timestamp="20251209 01:17:01.265" level="FAIL">'' does not contain 'MENU: MAIN'</msg>
<status status="FAIL" starttime="20251209 01:17:01.264" endtime="20251209 01:17:01.265"/>
</kw>
<msg timestamp="20251209 01:17:01.265" level="INFO">${contains} = False</msg>
<status status="PASS" starttime="20251209 01:17:01.264" endtime="20251209 01:17:01.265"/>
</kw>
<if>
<branch type="IF" condition="${contains}">
<kw name="Log To Console" library="BuiltIn">
<arg>&lt;&lt; Match Found: ${line}</arg>
<doc>Logs the given message to the console.</doc>
<status status="NOT RUN" starttime="20251209 01:17:01.265" endtime="20251209 01:17:01.266"/>
</kw>
<return>
<status status="NOT RUN" starttime="20251209 01:17:01.266" endtime="20251209 01:17:01.266"/>
</return>
<status status="NOT RUN" starttime="20251209 01:17:01.265" endtime="20251209 01:17:01.266"/>
</branch>
<status status="PASS" starttime="20251209 01:17:01.265" endtime="20251209 01:17:01.266"/>
</if>
<status status="PASS" starttime="20251209 01:17:01.249" endtime="20251209 01:17:01.266"/>
</iter>
<iter>
<kw name="Get Time" library="BuiltIn">
<var>${current_time}</var>
<arg>epoch</arg>
<doc>Returns the given time in the requested format.</doc>
<msg timestamp="20251209 01:17:01.266" level="INFO">${current_time} = 1765235821</msg>
<status status="PASS" starttime="20251209 01:17:01.266" endtime="20251209 01:17:01.267"/>
</kw>
<kw name="Evaluate" library="BuiltIn">
<var>${elapsed}</var>
<arg>${current_time} - ${start_time}</arg>
<doc>Evaluates the given expression in Python and returns the result.</doc>
<msg timestamp="20251209 01:17:01.267" level="INFO">${elapsed} = 0</msg>
<status status="PASS" starttime="20251209 01:17:01.267" endtime="20251209 01:17:01.267"/>
</kw>
<if>
<branch type="IF" condition="${elapsed} &gt; ${loop_timeout}">
<kw name="Fail" library="BuiltIn">
<arg>Timeout waiting for message: '${expected_substring}'</arg>
<doc>Fails the test with the given message and optionally alters its tags.</doc>
<status status="NOT RUN" starttime="20251209 01:17:01.268" endtime="20251209 01:17:01.268"/>
</kw>
<status status="NOT RUN" starttime="20251209 01:17:01.267" endtime="20251209 01:17:01.268"/>
</branch>
<status status="PASS" starttime="20251209 01:17:01.267" endtime="20251209 01:17:01.268"/>
</if>
<kw name="Read Until" library="SerialLibrary">
<var>${line}</var>
<arg>${NEWLINE}</arg>
<doc>Read until a termination sequence is found, size exceeded or timeout.</doc>
<msg timestamp="20251209 01:17:02.773" level="INFO">${line} = MENU: MAIN
</msg>
<status status="PASS" starttime="20251209 01:17:01.268" endtime="20251209 01:17:02.773"/>
</kw>
<kw name="Run Keyword And Return Status" library="BuiltIn">
<var>${contains}</var>
<arg>Should Contain</arg>
<arg>${line}</arg>
<arg>${expected_substring}</arg>
<doc>Runs the given keyword with given arguments and returns the status as a Boolean value.</doc>
<kw name="Should Contain" library="BuiltIn">
<arg>${line}</arg>
<arg>${expected_substring}</arg>
<doc>Fails if ``container`` does not contain ``item`` one or more times.</doc>
<status status="PASS" starttime="20251209 01:17:02.774" endtime="20251209 01:17:02.774"/>
</kw>
<msg timestamp="20251209 01:17:02.774" level="INFO">${contains} = True</msg>
<status status="PASS" starttime="20251209 01:17:02.774" endtime="20251209 01:17:02.774"/>
</kw>
<if>
<branch type="IF" condition="${contains}">
<kw name="Log To Console" library="BuiltIn">
<arg>&lt;&lt; Match Found: ${line}</arg>
<doc>Logs the given message to the console.</doc>
<status status="PASS" starttime="20251209 01:17:02.775" endtime="20251209 01:17:02.775"/>
</kw>
<return>
<status status="PASS" starttime="20251209 01:17:02.775" endtime="20251209 01:17:02.775"/>
</return>
<status status="PASS" starttime="20251209 01:17:02.774" endtime="20251209 01:17:02.775"/>
</branch>
<status status="PASS" starttime="20251209 01:17:02.774" endtime="20251209 01:17:02.775"/>
</if>
<status status="PASS" starttime="20251209 01:17:01.266" endtime="20251209 01:17:02.775"/>
</iter>
<status status="PASS" starttime="20251209 01:17:01.249" endtime="20251209 01:17:02.775"/>
</while>
<status status="PASS" starttime="20251209 01:17:01.248" endtime="20251209 01:17:02.775"/>
</kw>
<status status="PASS" starttime="20251209 01:16:56.594" endtime="20251209 01:17:02.776"/>
</test>
<kw name="Close Serial Connection" type="TEARDOWN">
<kw name="Delete All Ports" library="SerialLibrary">
<doc>Deletes all ports maintained in the library instance.</doc>
<status status="PASS" starttime="20251209 01:17:02.778" endtime="20251209 01:17:02.779"/>
</kw>
<kw name="Log To Console" library="BuiltIn">
<arg>Serial connection closed.</arg>
<doc>Logs the given message to the console.</doc>
<status status="PASS" starttime="20251209 01:17:02.779" endtime="20251209 01:17:02.779"/>
</kw>
<status status="PASS" starttime="20251209 01:17:02.778" endtime="20251209 01:17:02.779"/>
</kw>
<doc>Automotive Air Conditioning Control Panel with Authentication</doc>
<status status="PASS" starttime="20251209 01:15:30.908" endtime="20251209 01:17:02.779"/>
</suite>
<statistics>
<total>
<stat pass="47" fail="0" skip="0">All Tests</stat>
</total>
<tag>
</tag>
<suite>
<stat pass="47" fail="0" skip="0" id="s1" name="Test">Test</stat>
</suite>
</statistics>
<errors>
</errors>
</robot>
